TN:
SF:/home/runner/work/dlt-daemon/dlt-daemon/src/console/dlt-control-common.c
FN:102,get_verbosity
FN:107,set_verbosity
FN:112,get_ecuid
FN:117,set_ecuid
FN:144,set_conf
FN:156,get_timeout
FN:161,set_timeout
FN:172,set_send_serial_header
FN:177,set_resync_serial_header
FN:182,dlt_parse_config_param
FN:263,prepare_extra_headers
FN:310,prepare_headers
FN:366,dlt_control_prepare_message
FN:433,dlt_control_init_connection
FN:475,dlt_control_listen_to_daemon
FN:499,dlt_control_callback
FN:549,dlt_control_send_message
FN:618,dlt_control_init
FN:655,dlt_control_deinit
FNDA:2,set_send_serial_header
FNDA:2,set_ecuid
FNDA:2,dlt_control_prepare_message
FNDA:2,dlt_control_send_message
FNDA:2,dlt_parse_config_param
FNDA:2,set_resync_serial_header
FNDA:2,dlt_control_listen_to_daemon
FNDA:2,dlt_control_deinit
FNDA:2,set_timeout
FNDA:0,set_verbosity
FNDA:2,set_conf
FNDA:18,get_verbosity
FNDA:2,get_timeout
FNDA:2,prepare_extra_headers
FNDA:2,dlt_control_init_connection
FNDA:2,dlt_control_callback
FNDA:4,get_ecuid
FNDA:2,prepare_headers
FNDA:2,dlt_control_init
FNF:19
FNH:18
DA:102,18
DA:104,46
DA:107,0
DA:109,2
DA:110,0
DA:112,4
DA:114,4
DA:117,2
DA:119,2
DA:121,2
DA:123,0
DA:124,0
DA:126,0
DA:127,0
DA:129,0
DA:132,0
DA:139,0
DA:142,2
DA:144,2
DA:146,2
DA:149,2
DA:152,0
DA:154,2
DA:156,2
DA:158,2
DA:161,2
DA:163,2
DA:165,2
DA:166,2
DA:168,0
DA:170,2
DA:172,2
DA:174,2
DA:175,2
DA:177,2
DA:179,2
DA:180,2
DA:182,2
DA:186,2
DA:187,2
DA:188,2
DA:192,2
DA:193,0
DA:196,2
DA:201,2
DA:203,2
DA:206,14
DA:207,12
DA:208,2
DA:209,2
DA:210,2
DA:212,4
DA:213,4
DA:215,2
DA:219,2
DA:220,2
DA:223,2
DA:226,2
DA:227,2
DA:228,2
DA:229,2
DA:242,2
DA:245,0
DA:248,2
DA:249,0
DA:263,2
DA:267,2
DA:269,2
DA:272,2
DA:274,2
DA:277,2
DA:279,2
DA:282,2
DA:283,0
DA:284,0
DA:288,2
DA:290,2
DA:292,2
DA:295,2
DA:296,2
DA:298,2
DA:310,2
DA:314,2
DA:316,2
DA:319,2
DA:321,2
DA:322,0
DA:323,0
DA:327,2
DA:328,2
DA:330,2
DA:337,2
DA:340,2
DA:345,2
DA:347,2
DA:348,0
DA:349,0
DA:352,2
DA:354,2
DA:366,2
DA:370,2
DA:372,2
DA:373,0
DA:374,0
DA:377,2
DA:379,2
DA:380,0
DA:381,0
DA:384,2
DA:385,0
DA:386,0
DA:387,0
DA:391,2
DA:394,2
DA:396,2
DA:397,0
DA:398,0
DA:399,0
DA:403,2
DA:406,2
DA:407,0
DA:408,0
DA:409,0
DA:413,2
DA:414,0
DA:415,0
DA:416,0
DA:433,2
DA:435,2
DA:437,2
DA:438,0
DA:439,0
DA:442,2
DA:444,2
DA:445,0
DA:446,0
DA:449,2
DA:451,2
DA:453,2
DA:455,0
DA:456,0
DA:457,0
DA:461,2
DA:463,2
DA:475,2
DA:477,2
DA:478,2
DA:479,2
DA:499,2
DA:501,2
DA:504,2
DA:505,0
DA:506,0
DA:510,2
DA:511,2
DA:513,0
DA:515,2
DA:518,2
DA:526,2
DA:527,4
DA:528,2
DA:529,2
DA:530,2
DA:531,2
DA:533,2
DA:549,2
DA:554,2
DA:555,0
DA:556,0
DA:559,2
DA:560,0
DA:561,0
DA:564,2
DA:567,2
DA:569,2
DA:570,0
DA:571,0
DA:574,2
DA:577,2
DA:579,2
DA:581,0
DA:582,0
DA:583,0
DA:586,0
DA:587,0
DA:594,2
DA:595,2
DA:598,2
DA:599,2
DA:604,2
DA:618,2
DA:622,2
DA:623,0
DA:624,0
DA:627,2
DA:628,2
DA:631,2
DA:632,0
DA:633,0
DA:634,0
DA:638,2
DA:642,0
DA:643,0
DA:655,2
DA:661,2
DA:662,2
DA:663,2
DA:664,2
DA:668,2
DA:669,0
DA:672,2
DA:673,0
DA:678,2
LF:213
LH:147
end_of_record
TN:
SF:/home/runner/work/dlt-daemon/dlt-daemon/src/console/dlt-convert.c
FN:100,usage
FN:129,empty_dir
FN:182,main
FNDA:0,empty_dir
FNDA:35,main
FNDA:0,usage
FNF:3
FNH:1
DA:100,0
DA:104,0
DA:127,0
DA:129,0
DA:131,0
DA:134,0
DA:137,0
DA:138,0
DA:139,0
DA:142,0
DA:143,0
DA:144,0
DA:147,0
DA:148,0
DA:149,0
DA:150,0
DA:153,0
DA:155,0
DA:157,0
DA:158,0
DA:159,0
DA:161,0
DA:162,0
DA:163,0
DA:164,0
DA:165,0
DA:167,0
DA:173,0
DA:176,0
DA:182,35
DA:207,35
DA:210,35
DA:213,35
DA:221,35
DA:223,70
DA:224,35
DA:231,0
DA:234,0
DA:236,35
DA:239,35
DA:241,0
DA:244,0
DA:246,0
DA:249,0
DA:251,0
DA:254,0
DA:256,0
DA:259,0
DA:261,0
DA:264,0
DA:266,0
DA:268,0
DA:269,0
DA:271,0
DA:273,0
DA:274,0
DA:276,0
DA:278,0
DA:279,0
DA:281,0
DA:283,0
DA:284,0
DA:286,0
DA:288,0
DA:289,0
DA:291,0
DA:293,0
DA:294,0
DA:295,0
DA:296,0
DA:298,0
DA:301,0
DA:302,0
DA:312,35
DA:315,35
DA:316,0
DA:317,0
DA:318,0
DA:321,0
DA:324,35
DA:327,0
DA:328,0
DA:329,0
DA:330,0
DA:334,35
DA:336,0
DA:337,0
DA:338,0
DA:339,0
DA:340,0
DA:342,0
DA:346,0
DA:347,0
DA:349,0
DA:352,0
DA:356,0
DA:357,0
DA:358,0
DA:359,0
DA:360,0
DA:363,0
DA:364,0
DA:365,0
DA:366,0
DA:371,0
DA:372,0
DA:373,0
DA:374,0
DA:375,0
DA:377,0
DA:381,0
DA:384,70
DA:385,35
DA:388,0
DA:390,0
DA:394,35
DA:395,739
DA:399,35
DA:400,35
DA:405,35
DA:408,35
DA:410,35
DA:411,0
DA:412,0
DA:413,0
DA:415,0
DA:418,35
DA:419,0
DA:420,0
DA:421,0
DA:423,0
DA:426,739
DA:427,704
DA:428,0
DA:430,704
DA:432,0
DA:433,0
DA:435,704
DA:438,704
DA:439,0
DA:443,704
DA:444,0
DA:448,0
DA:450,0
DA:451,0
DA:453,0
DA:456,0
DA:457,0
DA:463,704
DA:464,0
DA:465,0
DA:466,0
DA:467,0
DA:469,0
DA:471,0
DA:473,0
DA:474,0
DA:475,0
DA:480,704
DA:482,0
DA:485,0
DA:488,0
DA:489,0
DA:490,0
DA:502,35
DA:503,0
DA:505,0
DA:506,0
DA:510,35
DA:511,0
DA:513,35
DA:514,0
DA:515,0
DA:516,0
DA:517,0
DA:518,0
DA:520,0
DA:522,0
DA:524,35
DA:526,0
DA:527,0
DA:528,0
DA:531,35
DA:533,35
LF:184
LH:37
end_of_record
TN:
SF:/home/runner/work/dlt-daemon/dlt-daemon/src/console/dlt-receive.c
FN:95,signal_handler
FN:148,usage
FN:184,convert_arg_to_byte_size
FN:238,dlt_receive_open_output_file
FN:312,dlt_receive_close_output_file
FN:324,main
FN:660,dlt_receive_message_callback
FNDA:0,dlt_receive_open_output_file
FNDA:206,dlt_receive_message_callback
FNDA:1,signal_handler
FNDA:1,main
FNDA:0,usage
FNDA:0,dlt_receive_close_output_file
FNDA:0,convert_arg_to_byte_size
FNF:7
FNH:3
DA:95,1
DA:97,1
DA:98,1
DA:103,1
DA:104,1
DA:105,1
DA:111,1
DA:148,0
DA:152,0
DA:181,0
DA:184,0
DA:191,0
DA:192,0
DA:198,0
DA:204,0
DA:210,0
DA:214,0
DA:223,0
DA:224,0
DA:238,0
DA:243,0
DA:248,0
DA:249,0
DA:251,0
DA:253,0
DA:254,0
DA:264,0
DA:272,0
DA:276,0
DA:278,0
DA:279,0
DA:283,0
DA:285,0
DA:290,0
DA:292,0
DA:295,0
DA:296,0
DA:297,0
DA:298,0
DA:299,0
DA:301,0
DA:305,0
DA:307,0
DA:308,0
DA:312,0
DA:314,0
DA:315,0
DA:316,0
DA:318,0
DA:324,1
DA:332,1
DA:333,1
DA:334,1
DA:335,1
DA:342,1
DA:343,1
DA:344,1
DA:345,1
DA:346,1
DA:347,1
DA:350,1
DA:352,2
DA:353,1
DA:354,0
DA:356,0
DA:357,0
DA:359,0
DA:361,0
DA:362,0
DA:364,0
DA:366,0
DA:367,0
DA:369,0
DA:371,0
DA:372,0
DA:374,0
DA:376,0
DA:377,0
DA:379,0
DA:381,0
DA:382,0
DA:384,0
DA:386,0
DA:387,0
DA:389,0
DA:391,0
DA:392,0
DA:394,0
DA:396,0
DA:397,0
DA:399,0
DA:401,0
DA:402,0
DA:404,0
DA:406,0
DA:407,0
DA:409,0
DA:411,0
DA:412,0
DA:414,0
DA:420,0
DA:422,0
DA:425,0
DA:426,0
DA:427,0
DA:428,0
DA:430,1
DA:432,1
DA:433,1
DA:435,1
DA:438,1
DA:440,1
DA:441,0
DA:442,0
DA:445,1
DA:446,1
DA:449,0
DA:451,0
DA:452,0
DA:454,0
DA:456,0
DA:457,0
DA:459,0
DA:461,0
DA:462,0
DA:465,0
DA:467,0
DA:469,0
DA:470,0
DA:472,0
DA:473,0
DA:478,0
DA:480,0
DA:481,0
DA:482,0
DA:483,0
DA:485,0
DA:488,0
DA:489,0
DA:491,0
DA:493,0
DA:499,1
DA:502,1
DA:505,1
DA:506,0
DA:509,1
DA:512,1
DA:513,1
DA:516,2
DA:517,1
DA:518,1
DA:519,0
DA:522,1
DA:523,1
DA:524,1
DA:526,1
DA:528,0
DA:531,1
DA:532,1
DA:534,1
DA:535,0
DA:536,0
DA:540,1
DA:542,0
DA:543,0
DA:544,0
DA:545,0
DA:548,1
DA:549,0
DA:550,0
DA:551,0
DA:556,0
DA:557,0
DA:558,0
DA:559,0
DA:562,0
DA:564,0
DA:565,0
DA:566,0
DA:569,0
DA:573,1
DA:574,1
DA:577,1
DA:580,1
DA:582,1
DA:583,0
DA:584,0
DA:585,0
DA:588,0
DA:605,1
DA:606,1
DA:607,0
DA:609,0
DA:612,1
DA:615,1
DA:616,0
DA:617,0
DA:618,0
DA:622,1
DA:623,0
DA:625,1
DA:629,1
DA:632,1
DA:634,1
DA:635,0
DA:636,0
DA:639,1
DA:640,1
DA:648,1
DA:649,1
DA:651,1
DA:653,1
DA:655,1
DA:657,1
DA:660,206
DA:668,206
DA:674,206
DA:675,206
DA:677,0
DA:679,206
DA:680,0
DA:682,206
DA:683,0
DA:685,206
DA:688,0
DA:692,0
DA:696,206
DA:698,0
DA:700,206
DA:703,0
DA:709,206
DA:710,206
DA:711,206
DA:712,206
DA:713,206
DA:715,206
DA:716,0
DA:718,0
DA:721,0
DA:724,0
DA:727,0
DA:731,206
DA:733,206
DA:735,206
DA:737,0
LF:245
LH:87
end_of_record
TN:
SF:/home/runner/work/dlt-daemon/dlt-daemon/src/console/logstorage/dlt-logstorage-common.c
FN:87,get_handler_type
FN:92,set_handler_type
FN:100,get_default_event_type
FN:105,set_default_event_type
FN:110,get_default_path
FN:115,set_default_path
FN:126,get_logstorage_control
FN:131,dlt_logstorage_get_handler_cb
FN:136,dlt_logstorage_get_handler_fd
FN:145,dlt_logstorage_init_handler
FN:164,dlt_logstorage_deinit_handler
FN:188,dlt_logstorage_check_config_file
FN:233,dlt_logstorage_check_directory_permission
FN:254,prepare_message_body
FN:306,dlt_logstorage_send_event
FNDA:0,dlt_logstorage_get_handler_cb
FNDA:0,set_handler_type
FNDA:0,dlt_logstorage_init_handler
FNDA:0,dlt_logstorage_get_handler_fd
FNDA:0,get_logstorage_control
FNDA:0,dlt_logstorage_check_directory_permission
FNDA:6,get_default_event_type
FNDA:2,set_default_path
FNDA:2,set_default_event_type
FNDA:0,dlt_logstorage_check_config_file
FNDA:2,prepare_message_body
FNDA:2,get_default_path
FNDA:4,get_handler_type
FNDA:2,dlt_logstorage_send_event
FNDA:0,dlt_logstorage_deinit_handler
FNF:15
FNH:7
DA:87,4
DA:89,4
DA:92,0
DA:94,0
DA:98,0
DA:100,6
DA:102,6
DA:105,2
DA:107,2
DA:108,2
DA:110,2
DA:112,2
DA:115,2
DA:119,2
DA:121,2
DA:126,0
DA:128,0
DA:131,0
DA:133,0
DA:136,0
DA:138,0
DA:145,0
DA:147,0
DA:150,0
DA:155,0
DA:164,0
DA:166,0
DA:169,0
DA:174,0
DA:188,0
DA:195,0
DA:196,0
DA:197,0
DA:200,0
DA:202,0
DA:204,0
DA:205,0
DA:206,0
DA:210,0
DA:212,0
DA:214,0
DA:218,0
DA:220,0
DA:221,0
DA:223,0
DA:224,0
DA:233,0
DA:235,0
DA:236,0
DA:237,0
DA:240,0
DA:241,0
DA:254,2
DA:260,2
DA:261,0
DA:262,0
DA:265,2
DA:267,2
DA:269,2
DA:270,0
DA:271,0
DA:274,2
DA:276,2
DA:277,0
DA:278,0
DA:279,0
DA:280,0
DA:283,2
DA:287,2
DA:288,2
DA:292,2
DA:294,2
DA:296,2
DA:306,2
DA:309,2
DA:312,2
DA:313,0
DA:314,0
DA:317,2
DA:319,2
DA:320,2
DA:322,2
LF:82
LH:32
end_of_record
TN:
SF:/home/runner/work/dlt-daemon/dlt-daemon/src/console/logstorage/dlt-logstorage-ctrl.c
FN:90,dlt_logstorage_exit
FN:99,dlt_logstorage_must_exit
FN:110,catch_signal
FN:123,install_signal_handler
FN:153,analyze_response
FN:212,dlt_logstorage_ctrl_add_event
FN:236,dlt_logstorage_ctrl_execute_event_loop
FN:293,dlt_logstorage_ctrl_setup_event_loop
FN:349,dlt_logstorage_ctrl_single_request
FN:391,usage
FN:439,parse_args
FN:540,sd_notify
FN:558,main
FNDA:0,catch_signal
FNDA:2,dlt_logstorage_ctrl_single_request
FNDA:0,sd_notify
FNDA:0,usage
FNDA:2,main
FNDA:0,dlt_logstorage_exit
FNDA:0,dlt_logstorage_ctrl_add_event
FNDA:0,dlt_logstorage_must_exit
FNDA:2,parse_args
FNDA:0,dlt_logstorage_ctrl_setup_event_loop
FNDA:0,install_signal_handler
FNDA:2,analyze_response
FNDA:0,dlt_logstorage_ctrl_execute_event_loop
FNF:13
FNH:4
DA:90,0
DA:92,0
DA:93,0
DA:99,0
DA:101,0
DA:110,0
DA:112,0
DA:113,0
DA:116,0
DA:123,0
DA:125,0
DA:129,0
DA:132,0
DA:134,0
DA:136,0
DA:137,0
DA:140,0
DA:153,2
DA:156,2
DA:157,2
DA:158,2
DA:160,2
DA:182,2
DA:185,2
DA:186,0
DA:190,2
DA:191,0
DA:195,2
DA:196,2
DA:212,0
DA:216,0
DA:217,0
DA:218,0
DA:221,0
DA:223,0
DA:224,0
DA:226,0
DA:236,0
DA:239,0
DA:241,0
DA:243,0
DA:244,0
DA:247,0
DA:248,0
DA:250,0
DA:253,0
DA:256,0
DA:257,0
DA:261,0
DA:262,0
DA:263,0
DA:265,0
DA:268,0
DA:269,0
DA:271,0
DA:274,0
DA:276,0
DA:277,0
DA:279,0
DA:293,0
DA:296,0
DA:303,0
DA:305,0
DA:308,0
DA:310,0
DA:311,0
DA:312,0
DA:315,0
DA:316,0
DA:317,0
DA:320,0
DA:322,0
DA:323,0
DA:324,0
DA:325,0
DA:328,0
DA:331,0
DA:335,0
DA:336,0
DA:339,0
DA:340,0
DA:342,0
DA:349,2
DA:354,2
DA:356,0
DA:357,0
DA:360,0
DA:363,0
DA:364,0
DA:365,0
DA:370,2
DA:372,0
DA:373,0
DA:374,0
DA:377,2
DA:381,2
DA:384,2
DA:386,2
DA:391,0
DA:411,0
DA:414,0
DA:439,2
DA:442,2
DA:444,6
DA:448,6
DA:449,4
DA:450,2
DA:451,2
DA:453,2
DA:454,0
DA:455,0
DA:458,2
DA:459,2
DA:460,0
DA:461,0
DA:462,0
DA:464,0
DA:466,0
DA:467,0
DA:469,0
DA:471,0
DA:472,0
DA:474,0
DA:475,0
DA:476,0
DA:477,0
DA:478,0
DA:479,0
DA:480,0
DA:481,0
DA:482,0
DA:483,0
DA:485,0
DA:487,0
DA:488,0
DA:489,0
DA:492,0
DA:493,0
DA:494,0
DA:495,0
DA:496,0
DA:498,0
DA:499,0
DA:500,0
DA:502,2
DA:503,2
DA:504,2
DA:506,0
DA:507,0
DA:508,0
DA:509,0
DA:510,0
DA:512,0
DA:513,0
DA:515,0
DA:517,0
DA:518,0
DA:519,0
DA:520,0
DA:521,0
DA:526,4
DA:527,2
DA:528,0
DA:529,0
DA:533,2
DA:534,0
DA:540,0
DA:545,0
DA:558,2
DA:562,2
DA:563,2
DA:564,2
DA:567,2
DA:572,2
DA:573,2
DA:575,2
DA:577,2
DA:578,0
DA:581,0
DA:585,0
DA:590,0
DA:591,0
DA:592,0
DA:596,0
DA:597,0
DA:600,2
LF:186
LH:43
end_of_record
TN:
SF:/home/runner/work/dlt-daemon/dlt-daemon/src/console/logstorage/dlt-logstorage-list.c
FN:79,print_list
FN:103,logstorage_find_dev_info
FN:135,logstorage_store_dev_info
FN:200,logstorage_delete_dev_info
FNDA:0,print_list
FNDA:0,logstorage_find_dev_info
FNDA:0,logstorage_delete_dev_info
FNDA:0,logstorage_store_dev_info
FNF:4
FNH:0
DA:79,0
DA:81,0
DA:82,0
DA:84,0
DA:85,0
DA:86,0
DA:89,0
DA:91,0
DA:103,0
DA:105,0
DA:107,0
DA:110,0
DA:112,0
DA:113,0
DA:114,0
DA:118,0
DA:135,0
DA:140,0
DA:141,0
DA:142,0
DA:145,0
DA:146,0
DA:147,0
DA:148,0
DA:151,0
DA:153,0
DA:154,0
DA:155,0
DA:158,0
DA:159,0
DA:164,0
DA:166,0
DA:167,0
DA:168,0
DA:170,0
DA:173,0
DA:174,0
DA:177,0
DA:179,0
DA:180,0
DA:182,0
DA:184,0
DA:185,0
DA:187,0
DA:200,0
DA:205,0
DA:207,0
DA:208,0
DA:209,0
DA:210,0
DA:214,0
DA:216,0
DA:217,0
DA:219,0
DA:220,0
DA:222,0
DA:223,0
DA:225,0
DA:226,0
DA:228,0
DA:229,0
DA:231,0
LF:62
LH:0
end_of_record
TN:
SF:/home/runner/work/dlt-daemon/dlt-daemon/src/daemon/dlt-daemon.c
FN:173,usage
FN:214,option_handling
FN:343,option_file_parser
FN:1037,dlt_mkdir_recursive
FN:1086,dlt_daemon_create_pipes_dir
FN:1129,main
FN:1363,dlt_daemon_local_init_p1
FN:1424,dlt_daemon_local_init_p2
FN:1526,dlt_daemon_init_serial
FN:1584,dlt_daemon_init_fifo
FN:1758,dlt_daemon_initialize_control_socket
FN:1805,dlt_daemon_local_connection_init
FN:1921,file_read_everything
FN:1975,file_read_field
FN:2031,dlt_daemon_local_ecu_version_init
FN:2060,dlt_daemon_local_cleanup
FN:2120,dlt_daemon_exit_trigger
FN:2144,dlt_daemon_signal_handler
FN:2193,dlt_daemon_daemonize
FN:2263,dlt_daemon_log_internal
FN:2340,dlt_daemon_check_numeric_setting
FN:2356,dlt_daemon_process_client_connect
FN:2466,dlt_daemon_process_client_messages
FN:2543,dlt_daemon_process_client_messages_serial
FN:2612,dlt_daemon_process_control_connect
FN:2708,dlt_daemon_process_control_messages
FN:2776,dlt_daemon_process_user_message_not_sup
FN:2817,dlt_daemon_process_user_messages
FN:2902,dlt_daemon_process_user_message_overflow
FN:2940,dlt_daemon_send_message_overflow
FN:2960,dlt_daemon_process_user_message_register_application
FN:3078,dlt_daemon_process_user_message_register_context
FN:3286,dlt_daemon_process_user_message_unregister_application
FN:3384,dlt_daemon_process_user_message_unregister_context
FN:3462,dlt_daemon_process_user_message_log
FN:3608,enforce_context_ll_and_ts_keep_message
FN:3633,dlt_daemon_process_user_message_set_app_ll_ts
FN:3709,dlt_daemon_process_user_message_log_mode
FN:3742,dlt_daemon_process_user_message_marker
FN:3772,dlt_daemon_send_ringbuffer_to_client
FN:3861,create_timer_fd
FN:3953,dlt_daemon_close_socket
FNDA:9,dlt_daemon_local_cleanup
FNDA:9,option_file_parser
FNDA:2,dlt_daemon_daemonize
FNDA:9,dlt_daemon_init_serial
FNDA:9,dlt_mkdir_recursive
FNDA:2,dlt_daemon_process_control_connect
FNDA:0,usage
FNDA:9,dlt_daemon_local_init_p1
FNDA:0,file_read_everything
FNDA:2,dlt_daemon_send_ringbuffer_to_client
FNDA:6,dlt_daemon_process_user_message_unregister_application
FNDA:9,dlt_daemon_create_pipes_dir
FNDA:0,dlt_daemon_process_user_message_not_sup
FNDA:0,enforce_context_ll_and_ts_keep_message
FNDA:0,file_read_field
FNDA:9,dlt_daemon_signal_handler
FNDA:9,dlt_daemon_initialize_control_socket
FNDA:4,dlt_daemon_process_control_messages
FNDA:9,dlt_daemon_local_connection_init
FNDA:1160,dlt_daemon_process_user_messages
FNDA:38,dlt_daemon_process_user_message_register_context
FNDA:0,dlt_daemon_send_message_overflow
FNDA:0,dlt_daemon_process_user_message_set_app_ll_ts
FNDA:0,dlt_daemon_process_user_message_overflow
FNDA:5,dlt_daemon_close_socket
FNDA:10,create_timer_fd
FNDA:0,dlt_daemon_process_user_message_log_mode
FNDA:9,dlt_daemon_exit_trigger
FNDA:9,dlt_daemon_local_init_p2
FNDA:4,dlt_daemon_process_client_connect
FNDA:0,dlt_daemon_process_client_messages_serial
FNDA:5810,dlt_daemon_process_user_message_log
FNDA:4,dlt_daemon_process_client_messages
FNDA:3,dlt_daemon_check_numeric_setting
FNDA:37,dlt_daemon_process_user_message_unregister_context
FNDA:9,main
FNDA:40,dlt_daemon_log_internal
FNDA:9,dlt_daemon_init_fifo
FNDA:0,dlt_daemon_process_user_message_marker
FNDA:9,option_handling
FNDA:7,dlt_daemon_process_user_message_register_application
FNDA:9,dlt_daemon_local_ecu_version_init
FNF:42
FNH:31
DA:173,0
DA:176,0
DA:209,0
DA:214,9
DA:222,9
DA:223,0
DA:224,0
DA:231,9
DA:234,9
DA:241,9
DA:249,20
DA:250,11
DA:251,2
DA:253,2
DA:254,2
DA:256,8
DA:258,8
DA:269,0
DA:271,0
DA:272,0
DA:283,1
DA:285,1
DA:287,1
DA:288,0
DA:289,0
DA:294,0
DA:296,0
DA:297,0
DA:299,0
DA:301,0
DA:306,0
DA:307,0
DA:308,0
DA:310,0
DA:313,0
DA:314,0
DA:316,0
DA:318,0
DA:319,0
DA:326,9
DA:328,9
DA:336,9
DA:343,9
DA:344,9
DA:346,9
DA:347,9
DA:348,9
DA:354,9
DA:355,9
DA:356,9
DA:357,9
DA:358,9
DA:359,9
DA:360,9
DA:361,9
DA:368,9
DA:373,9
DA:374,0
DA:377,9
DA:378,9
DA:379,9
DA:381,9
DA:382,9
DA:383,9
DA:384,9
DA:385,9
DA:386,9
DA:387,9
DA:388,9
DA:389,9
DA:390,9
DA:391,9
DA:392,9
DA:393,9
DA:394,9
DA:395,9
DA:396,9
DA:397,9
DA:398,9
DA:400,9
DA:411,9
DA:413,9
DA:414,9
DA:417,9
DA:418,9
DA:419,9
DA:420,9
DA:426,9
DA:427,9
DA:430,9
DA:431,8
DA:436,9
DA:438,9
DA:441,112
DA:442,49
DA:443,49
DA:444,49
DA:446,92
DA:447,86
DA:450,86
DA:451,43
DA:452,43
DA:455,43
DA:456,43
DA:457,43
DA:460,43
DA:463,49
DA:465,43
DA:466,0
DA:469,43
DA:471,0
DA:474,43
DA:476,0
DA:479,43
DA:481,0
DA:484,43
DA:486,0
DA:489,43
DA:491,1
DA:494,42
DA:496,0
DA:499,42
DA:501,0
DA:504,42
DA:506,0
DA:509,42
DA:511,0
DA:514,42
DA:516,0
DA:517,0
DA:520,42
DA:522,0
DA:523,0
DA:526,42
DA:528,1
DA:529,1
DA:532,41
DA:534,0
DA:535,0
DA:538,41
DA:540,1
DA:543,40
DA:545,1
DA:548,39
DA:553,1
DA:556,38
DA:558,0
DA:560,38
DA:562,0
DA:564,38
DA:566,0
DA:568,38
DA:570,1
DA:573,37
DA:575,1
DA:577,0
DA:578,0
DA:581,36
DA:583,1
DA:585,0
DA:586,0
DA:589,35
DA:591,1
DA:593,0
DA:594,0
DA:597,34
DA:599,1
DA:602,33
DA:604,0
DA:607,0
DA:610,33
DA:612,0
DA:615,33
DA:617,0
DA:620,33
DA:622,0
DA:625,33
DA:627,0
DA:630,33
DA:635,0
DA:638,33
DA:642,0
DA:645,33
DA:647,0
DA:650,33
DA:652,6
DA:654,27
DA:656,6
DA:660,21
DA:663,6
DA:664,6
DA:666,15
DA:669,0
DA:670,0
DA:672,15
DA:674,0
DA:675,0
DA:676,15
DA:677,6
DA:679,9
DA:681,0
DA:682,0
DA:683,0
DA:686,9
DA:697,2
DA:699,1
DA:702,1
DA:713,0
DA:717,0
DA:718,0
DA:722,0
DA:729,0
DA:733,0
DA:734,0
DA:738,0
DA:745,0
DA:749,0
DA:750,0
DA:754,0
DA:761,0
DA:763,0
DA:765,0
DA:766,0
DA:772,0
DA:775,0
DA:805,0
DA:810,0
DA:812,0
DA:813,0
DA:815,0
DA:816,0
DA:817,0
DA:818,0
DA:821,0
DA:824,0
DA:827,0
DA:829,0
DA:830,0
DA:832,0
DA:833,0
DA:834,0
DA:835,0
DA:838,0
DA:841,0
DA:843,0
DA:848,0
DA:851,0
DA:852,0
DA:855,0
DA:864,7
DA:867,2
DA:1037,9
DA:1046,9
DA:1048,9
DA:1049,0
DA:1051,9
DA:1053,36
DA:1054,27
DA:1055,0
DA:1057,0
DA:1058,0
DA:1066,0
DA:1071,9
DA:1072,9
DA:1079,9
DA:1082,9
DA:1086,9
DA:1090,9
DA:1091,0
DA:1092,0
DA:1096,9
DA:1099,9
DA:1100,0
DA:1105,0
DA:1109,9
DA:1113,9
DA:1114,0
DA:1117,0
DA:1119,0
DA:1129,9
DA:1141,9
DA:1142,0
DA:1143,0
DA:1145,0
DA:1149,9
DA:1150,0
DA:1151,0
DA:1153,0
DA:1157,9
DA:1158,9
DA:1160,9
DA:1161,9
DA:1165,9
DA:1166,0
DA:1183,9
DA:1185,9
DA:1187,9
DA:1192,9
DA:1193,0
DA:1194,0
DA:1206,9
DA:1207,0
DA:1208,0
DA:1213,9
DA:1215,0
DA:1216,0
DA:1220,9
DA:1221,0
DA:1222,0
DA:1227,9
DA:1228,0
DA:1229,0
DA:1236,9
DA:1239,9
DA:1240,0
DA:1241,0
DA:1255,9
DA:1256,6
DA:1261,0
DA:1284,9
DA:1287,9
DA:1288,9
DA:1289,0
DA:1292,9
DA:1293,1
DA:1294,0
DA:1295,0
DA:1299,1
DA:1308,9
DA:1309,0
DA:1311,9
DA:1313,9
DA:1322,9
DA:1323,0
DA:1324,0
DA:1326,0
DA:1328,9
DA:1334,1203
DA:1335,1194
DA:1339,9
DA:1341,9
DA:1343,9
DA:1345,9
DA:1351,9
DA:1353,9
DA:1355,9
DA:1357,9
DA:1359,9
DA:1363,9
DA:1365,9
DA:1368,9
DA:1369,0
DA:1370,0
DA:1392,9
DA:1398,9
DA:1399,2
DA:1402,9
DA:1404,9
DA:1405,0
DA:1407,0
DA:1408,0
DA:1411,9
DA:1413,9
DA:1414,9
DA:1415,9
DA:1416,9
DA:1421,9
DA:1424,9
DA:1426,9
DA:1428,9
DA:1429,0
DA:1430,0
DA:1434,9
DA:1435,9
DA:1439,0
DA:1440,0
DA:1444,9
DA:1445,0
DA:1446,0
DA:1447,0
DA:1450,0
DA:1454,0
DA:1455,0
DA:1460,9
DA:1461,6
DA:1463,6
DA:1464,0
DA:1465,0
DA:1472,9
DA:1473,1
DA:1475,8
DA:1478,9
DA:1499,9
DA:1500,0
DA:1501,0
DA:1505,9
DA:1506,0
DA:1509,9
DA:1510,9
DA:1512,9
DA:1513,0
DA:1514,0
DA:1517,9
DA:1521,9
DA:1523,9
DA:1526,9
DA:1532,9
DA:1535,0
DA:1537,0
DA:1538,0
DA:1541,0
DA:1542,0
DA:1545,0
DA:1548,0
DA:1549,0
DA:1551,0
DA:1553,0
DA:1554,0
DA:1555,0
DA:1557,0
DA:1558,0
DA:1560,0
DA:1563,0
DA:1564,0
DA:1567,0
DA:1568,0
DA:1571,0
DA:1572,0
DA:1573,0
DA:1576,0
DA:1584,9
DA:1591,9
DA:1594,9
DA:1595,9
DA:1597,9
DA:1599,9
DA:1600,0
DA:1601,0
DA:1602,0
DA:1606,9
DA:1607,0
DA:1608,0
DA:1610,0
DA:1611,0
DA:1613,0
DA:1614,0
DA:1618,0
DA:1620,0
DA:1625,0
DA:1633,9
DA:1634,0
DA:1635,0
DA:1636,0
DA:1643,9
DA:1645,0
DA:1646,0
DA:1650,9
DA:1651,0
DA:1653,9
DA:1660,9
DA:1758,9
DA:1763,9
DA:1765,9
DA:1766,0
DA:1767,0
DA:1786,9
DA:1787,9
DA:1791,9
DA:1792,9
DA:1797,0
DA:1805,9
DA:1809,9
DA:1811,9
DA:1813,9
DA:1814,0
DA:1815,0
DA:1818,9
DA:1829,9
DA:1830,0
DA:1831,0
DA:1844,9
DA:1846,9
DA:1848,9
DA:1849,9
DA:1854,0
DA:1855,0
DA:1859,0
DA:1860,0
DA:1865,0
DA:1867,0
DA:1868,0
DA:1873,0
DA:1879,0
DA:1882,0
DA:1885,0
DA:1886,0
DA:1887,0
DA:1907,9
DA:1908,0
DA:1909,0
DA:1913,9
DA:1914,0
DA:1915,0
DA:1921,0
DA:1923,0
DA:1928,0
DA:1929,0
DA:1930,0
DA:1931,0
DA:1932,0
DA:1933,0
DA:1937,0
DA:1938,0
DA:1939,0
DA:1940,0
DA:1941,0
DA:1944,0
DA:1945,0
DA:1946,0
DA:1947,0
DA:1948,0
DA:1952,0
DA:1953,0
DA:1955,0
DA:1956,0
DA:1957,0
DA:1958,0
DA:1959,0
DA:1962,0
DA:1963,0
DA:1964,0
DA:1965,0
DA:1966,0
DA:1970,0
DA:1972,0
DA:1975,0
DA:1977,0
DA:1982,0
DA:1986,0
DA:1987,0
DA:1991,0
DA:1999,0
DA:2000,0
DA:2001,0
DA:2005,0
DA:2006,0
DA:2007,0
DA:2013,0
DA:2016,0
DA:2017,0
DA:2021,0
DA:2022,0
DA:2026,0
DA:2028,0
DA:2031,9
DA:2035,9
DA:2038,9
DA:2041,9
DA:2043,9
DA:2045,9
DA:2046,9
DA:2049,0
DA:2050,0
DA:2052,0
DA:2055,0
DA:2057,0
DA:2060,9
DA:2062,9
DA:2064,9
DA:2065,0
DA:2066,0
DA:2070,9
DA:2072,9
DA:2075,9
DA:2076,0
DA:2079,9
DA:2083,9
DA:2099,9
DA:2101,6
DA:2105,6
DA:2108,9
DA:2109,9
DA:2111,9
DA:2112,1
DA:2113,1
DA:2117,9
DA:2120,9
DA:2123,9
DA:2126,9
DA:2129,9
DA:2130,9
DA:2131,0
DA:2135,9
DA:2142,9
DA:2144,9
DA:2146,9
DA:2148,9
DA:2149,9
DA:2155,9
DA:2157,9
DA:2158,9
DA:2167,9
DA:2193,2
DA:2198,2
DA:2200,2
DA:2203,2
DA:2205,4
DA:2206,0
DA:2207,0
DA:2210,4
DA:2211,2
DA:2218,2
DA:2219,0
DA:2220,0
DA:2226,2
DA:2228,2
DA:2229,0
DA:2232,2
DA:2233,0
DA:2235,2
DA:2238,0
DA:2239,0
DA:2243,2
DA:2246,2
DA:2247,0
DA:2250,2
DA:2251,2
DA:2252,2
DA:2253,2
DA:2255,2
DA:2263,40
DA:2265,40
DA:2272,40
DA:2275,40
DA:2276,40
DA:2279,40
DA:2280,40
DA:2282,40
DA:2286,40
DA:2291,40
DA:2292,40
DA:2293,40
DA:2296,40
DA:2297,40
DA:2298,40
DA:2299,40
DA:2301,40
DA:2302,40
DA:2303,40
DA:2306,40
DA:2307,40
DA:2308,40
DA:2310,40
DA:2311,40
DA:2313,40
DA:2314,0
DA:2315,0
DA:2320,40
DA:2321,40
DA:2322,40
DA:2323,40
DA:2324,40
DA:2327,40
DA:2329,40
DA:2332,40
DA:2333,40
DA:2335,40
DA:2337,40
DA:2340,3
DA:2343,3
DA:2344,3
DA:2345,3
DA:2346,3
DA:2347,3
DA:2348,0
DA:2351,0
DA:2356,4
DA:2365,4
DA:2367,4
DA:2369,4
DA:2370,0
DA:2373,0
DA:2377,4
DA:2379,4
DA:2380,0
DA:2382,0
DA:2383,0
DA:2389,4
DA:2390,4
DA:2394,4
DA:2395,4
DA:2397,4
DA:2402,0
DA:2404,4
DA:2409,0
DA:2410,0
DA:2411,0
DA:2415,4
DA:2423,4
DA:2425,0
DA:2430,0
DA:2431,0
DA:2437,4
DA:2441,4
DA:2443,4
DA:2445,4
DA:2446,2
DA:2447,0
DA:2449,2
DA:2451,2
DA:2452,0
DA:2453,0
DA:2455,0
DA:2459,2
DA:2460,2
DA:2466,4
DA:2474,4
DA:2476,4
DA:2477,0
DA:2480,0
DA:2483,4
DA:2485,4
DA:2486,0
DA:2490,0
DA:2494,13
DA:2495,13
DA:2496,13
DA:2498,13
DA:2500,9
DA:2501,9
DA:2502,9
DA:2508,9
DA:2509,9
DA:2512,9
DA:2515,9
DA:2516,0
DA:2518,9
DA:2519,0
DA:2521,0
DA:2525,4
DA:2526,0
DA:2528,0
DA:2531,4
DA:2535,1
DA:2543,0
DA:2550,0
DA:2552,0
DA:2553,0
DA:2556,0
DA:2559,0
DA:2560,0
DA:2563,0
DA:2567,0
DA:2568,0
DA:2569,0
DA:2571,0
DA:2573,0
DA:2574,0
DA:2580,0
DA:2581,0
DA:2585,0
DA:2586,0
DA:2589,0
DA:2592,0
DA:2593,0
DA:2595,0
DA:2596,0
DA:2598,0
DA:2602,0
DA:2603,0
DA:2606,0
DA:2612,2
DA:2622,2
DA:2624,2
DA:2625,0
DA:2628,0
DA:2632,2
DA:2634,2
DA:2635,0
DA:2636,0
DA:2642,2
DA:2643,2
DA:2645,2
DA:2650,0
DA:2652,0
DA:2655,2
DA:2656,0
DA:2708,4
DA:2716,4
DA:2718,4
DA:2719,0
DA:2722,0
DA:2725,4
DA:2726,2
DA:2733,2
DA:2737,4
DA:2739,4
DA:2740,4
DA:2742,4
DA:2744,2
DA:2745,2
DA:2746,2
DA:2751,2
DA:2752,2
DA:2755,2
DA:2758,2
DA:2759,0
DA:2761,2
DA:2762,0
DA:2764,0
DA:2768,2
DA:2769,0
DA:2770,0
DA:2776,0
DA:2781,0
DA:2785,0
DA:2787,0
DA:2791,0
DA:2792,0
DA:2795,0
DA:2817,1160
DA:2828,1160
DA:2830,1160
DA:2831,0
DA:2834,0
DA:2837,1160
DA:2839,1160
DA:2840,0
DA:2844,0
DA:2846,1160
DA:2847,0
DA:2849,0
DA:2853,7058
DA:2857,5898
DA:2859,5898
DA:2860,0
DA:2862,0
DA:2863,0
DA:2867,5898
DA:2871,5898
DA:2872,0
DA:2873,0
DA:2875,0
DA:2879,5898
DA:2882,5898
DA:2884,5898
DA:2892,1160
DA:2893,0
DA:2896,0
DA:2902,0
DA:2910,0
DA:2912,0
DA:2913,0
DA:2915,0
DA:2918,0
DA:2927,0
DA:2935,0
DA:2940,0
DA:2943,0
DA:2945,0
DA:2946,0
DA:2947,0
DA:2951,0
DA:2952,0
DA:2955,0
DA:2960,7
DA:2970,7
DA:2975,7
DA:2977,7
DA:2978,0
DA:2980,0
DA:2984,7
DA:2990,7
DA:2995,7
DA:2999,7
DA:3002,7
DA:3004,7
DA:3006,0
DA:3010,7
DA:3012,7
DA:3013,0
DA:3024,7
DA:3026,7
DA:3029,7
DA:3030,0
DA:3031,0
DA:3034,7
DA:3036,7
DA:3037,0
DA:3039,7
DA:3040,0
DA:3042,7
DA:3051,7
DA:3053,7
DA:3054,0
DA:3056,0
DA:3058,7
DA:3060,7
DA:3062,7
DA:3065,7
DA:3068,7
DA:3072,7
DA:3078,38
DA:3086,38
DA:3094,38
DA:3096,38
DA:3097,0
DA:3099,0
DA:3103,38
DA:3108,38
DA:3113,38
DA:3117,38
DA:3120,38
DA:3122,38
DA:3123,0
DA:3128,38
DA:3130,38
DA:3131,0
DA:3142,38
DA:3144,38
DA:3147,38
DA:3148,0
DA:3149,0
DA:3152,38
DA:3154,38
DA:3157,38
DA:3158,0
DA:3164,0
DA:3168,38
DA:3169,38
DA:3172,0
DA:3179,38
DA:3180,38
DA:3183,0
DA:3189,38
DA:3192,38
DA:3193,38
DA:3200,38
DA:3201,0
DA:3204,0
DA:3207,38
DA:3209,38
DA:3212,38
DA:3213,38
DA:3216,38
DA:3217,0
DA:3219,38
DA:3222,38
DA:3224,33
DA:3225,33
DA:3226,33
DA:3230,5
DA:3233,38
DA:3235,0
DA:3236,0
DA:3237,0
DA:3240,0
DA:3242,0
DA:3243,0
DA:3244,0
DA:3247,0
DA:3248,0
DA:3249,0
DA:3252,0
DA:3253,0
DA:3254,0
DA:3259,0
DA:3260,0
DA:3261,0
DA:3262,0
DA:3263,0
DA:3265,0
DA:3267,0
DA:3270,38
DA:3271,38
DA:3273,38
DA:3274,0
DA:3278,0
DA:3286,6
DA:3298,6
DA:3300,6
DA:3301,0
DA:3304,0
DA:3307,6
DA:3314,6
DA:3316,6
DA:3319,6
DA:3323,6
DA:3328,6
DA:3332,6
DA:3333,0
DA:3335,6
DA:3336,0
DA:3338,0
DA:3340,0
DA:3344,0
DA:3346,0
DA:3347,0
DA:3349,0
DA:3355,6
DA:3359,0
DA:3361,0
DA:3363,0
DA:3366,6
DA:3372,6
DA:3376,6
DA:3384,37
DA:3393,37
DA:3395,37
DA:3396,0
DA:3400,0
DA:3403,37
DA:3410,37
DA:3413,37
DA:3420,37
DA:3422,37
DA:3423,0
DA:3428,0
DA:3431,37
DA:3439,37
DA:3440,0
DA:3445,37
DA:3450,37
DA:3451,0
DA:3462,5810
DA:3470,5810
DA:3472,5810
DA:3473,0
DA:3474,0
DA:3543,5810
DA:3544,5810
DA:3545,5810
DA:3549,5810
DA:3550,0
DA:3558,0
DA:3560,0
DA:3568,0
DA:3571,0
DA:3580,0
DA:3587,0
DA:3588,5810
DA:3591,5810
DA:3592,5810
DA:3595,5810
DA:3598,5810
DA:3599,0
DA:3600,0
DA:3608,0
DA:3614,5810
DA:3615,0
DA:3619,0
DA:3630,0
DA:3633,0
DA:3646,0
DA:3648,0
DA:3649,0
DA:3652,0
DA:3655,0
DA:3657,0
DA:3662,0
DA:3669,0
DA:3671,0
DA:3676,0
DA:3680,0
DA:3681,0
DA:3683,0
DA:3684,0
DA:3686,0
DA:3687,0
DA:3688,0
DA:3690,0
DA:3691,0
DA:3694,0
DA:3695,0
DA:3698,0
DA:3699,0
DA:3709,0
DA:3717,0
DA:3719,0
DA:3720,0
DA:3721,0
DA:3726,0
DA:3734,0
DA:3737,0
DA:3739,0
DA:3742,0
DA:3749,0
DA:3751,0
DA:3752,0
DA:3754,0
DA:3759,0
DA:3767,0
DA:3769,0
DA:3772,2
DA:3781,2
DA:3783,2
DA:3784,0
DA:3785,0
DA:3788,2
DA:3789,0
DA:3790,0
DA:3793,4
DA:3798,4
DA:3799,4
DA:3801,0
DA:3803,4
DA:3805,4
DA:3806,0
DA:3808,4
DA:3809,2
DA:3810,2
DA:3861,10
DA:3869,10
DA:3870,0
DA:3871,0
DA:3874,10
DA:3876,10
DA:3877,0
DA:3878,0
DA:3881,10
DA:3883,0
DA:3889,10
DA:3891,10
DA:3892,0
DA:3893,0
DA:3895,10
DA:3896,10
DA:3897,10
DA:3898,10
DA:3900,10
DA:3901,0
DA:3902,0
DA:3945,10
DA:3949,10
DA:3953,5
DA:3955,5
DA:3957,5
DA:3959,5
DA:3960,0
DA:3961,0
DA:3965,5
DA:3969,5
DA:3971,3
DA:3972,3
DA:3977,3
DA:3978,3
DA:3981,5
DA:3988,5
DA:3992,5
DA:3993,5
DA:3995,5
LF:1151
LH:605
end_of_record
TN:
SF:/home/runner/work/dlt-daemon/dlt-daemon/src/daemon/dlt_daemon_client.c
FN:104,dlt_daemon_client_send_all_multiple
FN:164,dlt_daemon_client_send
FN:316,dlt_daemon_client_send_message_to_all_client
FN:390,dlt_daemon_client_send_control_message
FN:474,dlt_daemon_client_process_control
FN:736,dlt_daemon_control_get_software_version
FN:797,dlt_daemon_control_get_default_log_level
FN:852,dlt_daemon_control_get_log_info
FN:1220,dlt_daemon_control_message_buffer_overflow
FN:1281,dlt_daemon_control_service_response
FN:1327,dlt_daemon_control_message_unregister_context
FN:1382,dlt_daemon_control_message_connection_info
FN:1435,dlt_daemon_control_message_timezone
FN:1490,dlt_daemon_control_message_marker
FN:1536,dlt_daemon_control_callsw_cinjection
FN:1661,dlt_daemon_send_log_level
FN:1687,dlt_daemon_find_multiple_context_and_send_log_level
FN:1735,dlt_daemon_control_set_log_level
FN:1834,dlt_daemon_send_trace_status
FN:1860,dlt_daemon_find_multiple_context_and_send_trace_status
FN:1908,dlt_daemon_control_set_trace_status
FN:2006,dlt_daemon_control_set_default_log_level
FN:2043,dlt_daemon_control_set_all_log_level
FN:2084,dlt_daemon_control_set_default_trace_status
FN:2122,dlt_daemon_control_set_all_trace_status
FN:2162,dlt_daemon_control_set_timing_packets
FN:2191,dlt_daemon_control_message_time
FN:2265,dlt_daemon_process_one_s_timer
FN:2310,dlt_daemon_process_sixty_s_timer
FN:2401,dlt_daemon_process_systemd_timer
FN:2417,dlt_daemon_control_service_logstorage
FN:2654,dlt_daemon_control_passive_node_connect
FN:2711,dlt_daemon_control_passive_node_connect_status
FNDA:0,dlt_daemon_control_message_unregister_context
FNDA:0,dlt_daemon_control_set_default_trace_status
FNDA:0,dlt_daemon_process_sixty_s_timer
FNDA:0,dlt_daemon_find_multiple_context_and_send_trace_status
FNDA:1,dlt_daemon_control_set_log_level
FNDA:0,dlt_daemon_control_callsw_cinjection
FNDA:214,dlt_daemon_client_send_all_multiple
FNDA:0,dlt_daemon_control_message_time
FNDA:5810,dlt_daemon_client_send_message_to_all_client
FNDA:0,dlt_daemon_control_message_timezone
FNDA:5885,dlt_daemon_client_send
FNDA:0,dlt_daemon_send_trace_status
FNDA:1,dlt_daemon_control_get_default_log_level
FNDA:0,dlt_daemon_control_set_all_log_level
FNDA:0,dlt_daemon_control_set_trace_status
FNDA:0,dlt_daemon_control_set_all_trace_status
FNDA:20,dlt_daemon_client_send_control_message
FNDA:3,dlt_daemon_control_service_response
FNDA:0,dlt_daemon_control_passive_node_connect
FNDA:0,dlt_daemon_control_set_default_log_level
FNDA:4,dlt_daemon_control_get_log_info
FNDA:0,dlt_daemon_control_set_timing_packets
FNDA:9,dlt_daemon_control_message_connection_info
FNDA:3,dlt_daemon_control_get_software_version
FNDA:11,dlt_daemon_process_one_s_timer
FNDA:0,dlt_daemon_process_systemd_timer
FNDA:0,dlt_daemon_control_message_buffer_overflow
FNDA:0,dlt_daemon_send_log_level
FNDA:2,dlt_daemon_control_service_logstorage
FNDA:0,dlt_daemon_control_passive_node_connect_status
FNDA:11,dlt_daemon_client_process_control
FNDA:0,dlt_daemon_control_message_marker
FNDA:0,dlt_daemon_find_multiple_context_and_send_log_level
FNF:33
FNH:13
DA:81,0
DA:104,214
DA:119,214
DA:121,214
DA:122,0
DA:123,0
DA:126,1286
DA:128,1072
DA:129,1072
DA:131,1072
DA:132,1072
DA:133,856
DA:134,856
DA:137,216
DA:144,216
DA:145,0
DA:146,0
DA:152,216
DA:153,0
DA:164,5885
DA:179,5885
DA:180,0
DA:181,0
DA:184,5885
DA:186,15
DA:187,0
DA:188,0
DA:189,0
DA:190,0
DA:191,0
DA:194,15
DA:195,15
DA:196,15
DA:197,0
DA:198,0
DA:202,15
DA:209,5870
DA:210,5866
DA:211,0
DA:212,0
DA:216,0
DA:217,0
DA:218,0
DA:228,5866
DA:229,5840
DA:240,5870
DA:255,5870
DA:257,415
DA:258,214
DA:266,214
DA:274,5870
DA:275,5866
DA:277,5455
DA:279,5455
DA:280,5455
DA:281,0
DA:284,5455
DA:285,0
DA:286,0
DA:287,0
DA:289,0
DA:292,415
DA:293,0
DA:294,0
DA:295,0
DA:296,0
DA:299,0
DA:301,0
DA:305,0
DA:306,0
DA:316,5810
DA:323,5810
DA:325,5810
DA:326,0
DA:327,0
DA:331,5810
DA:332,0
DA:335,0
DA:338,0
DA:339,0
DA:341,0
DA:345,0
DA:346,0
DA:350,5810
DA:351,5810
DA:353,0
DA:356,5810
DA:357,0
DA:359,0
DA:360,0
DA:364,5810
DA:365,0
DA:366,0
DA:368,0
DA:369,5810
DA:370,0
DA:371,0
DA:373,0
DA:374,5810
DA:375,0
DA:376,0
DA:378,0
DA:382,5810
DA:383,5810
DA:385,5810
DA:386,5810
DA:390,20
DA:401,20
DA:403,20
DA:407,20
DA:409,20
DA:413,20
DA:414,20
DA:420,20
DA:423,20
DA:427,20
DA:429,20
DA:432,20
DA:433,20
DA:434,20
DA:435,20
DA:437,20
DA:439,20
DA:440,20
DA:442,0
DA:444,20
DA:445,20
DA:447,0
DA:450,20
DA:451,20
DA:453,20
DA:455,20
DA:456,0
DA:457,0
DA:460,20
DA:462,20
DA:463,20
DA:465,20
DA:466,20
DA:467,0
DA:468,0
DA:474,11
DA:483,11
DA:485,11
DA:488,11
DA:491,11
DA:494,11
DA:495,0
DA:496,0
DA:503,11
DA:504,11
DA:506,11
DA:508,11
DA:509,1
DA:511,1
DA:512,1
DA:514,0
DA:516,0
DA:517,0
DA:519,4
DA:521,4
DA:522,4
DA:524,1
DA:526,1
DA:527,1
DA:529,0
DA:531,0
DA:532,0
DA:533,0
DA:538,0
DA:545,0
DA:554,0
DA:560,0
DA:562,0
DA:563,0
DA:564,0
DA:569,0
DA:570,0
DA:572,0
DA:574,0
DA:580,0
DA:582,0
DA:584,0
DA:590,0
DA:592,0
DA:594,0
DA:600,0
DA:602,0
DA:604,0
DA:610,0
DA:612,0
DA:614,0
DA:615,0
DA:617,0
DA:620,0
DA:621,0
DA:623,0
DA:625,0
DA:631,0
DA:633,0
DA:635,0
DA:641,0
DA:643,0
DA:645,0
DA:651,0
DA:653,0
DA:655,0
DA:661,0
DA:663,0
DA:665,0
DA:666,0
DA:668,0
DA:670,0
DA:671,0
DA:673,3
DA:675,3
DA:676,3
DA:678,0
DA:680,0
DA:682,0
DA:684,2
DA:686,2
DA:687,2
DA:689,0
DA:691,0
DA:696,0
DA:698,0
DA:700,0
DA:704,0
DA:706,0
DA:708,0
DA:709,0
DA:711,0
DA:713,0
DA:714,0
DA:716,0
DA:718,0
DA:724,0
DA:730,0
DA:736,3
DA:742,3
DA:744,3
DA:745,0
DA:748,3
DA:749,0
DA:755,0
DA:759,3
DA:762,3
DA:764,3
DA:765,0
DA:766,0
DA:769,3
DA:770,3
DA:771,3
DA:774,3
DA:775,0
DA:781,0
DA:785,3
DA:786,3
DA:787,3
DA:788,3
DA:791,3
DA:794,3
DA:797,1
DA:802,1
DA:804,1
DA:805,0
DA:808,1
DA:809,0
DA:815,0
DA:818,1
DA:820,1
DA:821,0
DA:822,0
DA:825,1
DA:826,1
DA:827,1
DA:830,1
DA:831,0
DA:837,0
DA:841,1
DA:842,1
DA:843,1
DA:846,1
DA:849,1
DA:852,4
DA:864,4
DA:883,4
DA:885,4
DA:886,0
DA:888,4
DA:891,4
DA:893,4
DA:897,4
DA:900,4
DA:901,0
DA:907,0
DA:911,4
DA:912,0
DA:918,0
DA:921,4
DA:922,0
DA:923,0
DA:927,0
DA:930,0
DA:931,0
DA:933,0
DA:937,0
DA:940,0
DA:950,4
DA:951,4
DA:962,4
DA:966,4
DA:967,4
DA:969,4
DA:970,4
DA:972,4
DA:975,4
DA:976,4
DA:977,0
DA:980,0
DA:981,0
DA:983,0
DA:984,0
DA:989,0
DA:993,0
DA:994,0
DA:997,0
DA:999,0
DA:1001,0
DA:1002,0
DA:1004,0
DA:1005,0
DA:1011,0
DA:1012,0
DA:1014,0
DA:1015,0
DA:1020,4
DA:1021,0
DA:1023,0
DA:1024,0
DA:1025,0
DA:1028,4
DA:1029,0
DA:1031,0
DA:1032,0
DA:1037,4
DA:1038,0
DA:1043,4
DA:1044,4
DA:1046,4
DA:1047,0
DA:1053,0
DA:1060,4
DA:1064,4
DA:1066,4
DA:1069,4
DA:1071,4
DA:1072,0
DA:1079,0
DA:1080,0
DA:1081,0
DA:1084,0
DA:1085,0
DA:1091,0
DA:1096,0
DA:1100,0
DA:1101,0
DA:1103,0
DA:1104,0
DA:1111,0
DA:1112,0
DA:1114,0
DA:1116,0
DA:1117,0
DA:1123,0
DA:1128,0
DA:1129,0
DA:1130,0
DA:1135,0
DA:1136,0
DA:1137,0
DA:1139,0
DA:1140,0
DA:1148,0
DA:1149,0
DA:1150,0
DA:1151,0
DA:1155,0
DA:1156,0
DA:1157,0
DA:1158,0
DA:1162,0
DA:1163,0
DA:1164,0
DA:1165,0
DA:1166,0
DA:1167,0
DA:1168,0
DA:1169,0
DA:1172,0
DA:1173,0
DA:1174,0
DA:1190,0
DA:1191,0
DA:1192,0
DA:1193,0
DA:1194,0
DA:1195,0
DA:1196,0
DA:1197,0
DA:1200,0
DA:1201,0
DA:1202,0
DA:1211,4
DA:1214,4
DA:1217,4
DA:1220,0
DA:1231,0
DA:1233,0
DA:1237,0
DA:1238,0
DA:1244,0
DA:1248,0
DA:1250,0
DA:1251,0
DA:1252,0
DA:1255,0
DA:1256,0
DA:1257,0
DA:1260,0
DA:1264,0
DA:1265,0
DA:1266,0
DA:1267,0
DA:1270,0
DA:1271,0
DA:1272,0
DA:1276,0
DA:1278,0
DA:1281,3
DA:1291,3
DA:1293,3
DA:1294,0
DA:1297,3
DA:1301,3
DA:1303,3
DA:1304,0
DA:1305,0
DA:1308,3
DA:1309,3
DA:1310,3
DA:1313,3
DA:1317,3
DA:1318,3
DA:1321,3
DA:1324,3
DA:1327,0
DA:1338,0
DA:1340,0
DA:1344,0
DA:1348,0
DA:1350,0
DA:1351,0
DA:1352,0
DA:1355,0
DA:1356,0
DA:1357,0
DA:1360,0
DA:1364,0
DA:1365,0
DA:1366,0
DA:1367,0
DA:1368,0
DA:1371,0
DA:1372,0
DA:1373,0
DA:1377,0
DA:1379,0
DA:1382,9
DA:1392,9
DA:1394,9
DA:1398,9
DA:1402,9
DA:1404,9
DA:1405,0
DA:1406,0
DA:1409,9
DA:1410,9
DA:1411,9
DA:1414,9
DA:1418,9
DA:1419,9
DA:1420,9
DA:1421,9
DA:1424,9
DA:1425,0
DA:1426,0
DA:1430,9
DA:1432,9
DA:1435,0
DA:1440,0
DA:1442,0
DA:1446,0
DA:1450,0
DA:1452,0
DA:1453,0
DA:1454,0
DA:1457,0
DA:1458,0
DA:1459,0
DA:1462,0
DA:1466,0
DA:1467,0
DA:1469,0
DA:1471,0
DA:1472,0
DA:1474,0
DA:1476,0
DA:1479,0
DA:1480,0
DA:1481,0
DA:1485,0
DA:1487,0
DA:1490,0
DA:1495,0
DA:1497,0
DA:1501,0
DA:1505,0
DA:1507,0
DA:1508,0
DA:1509,0
DA:1512,0
DA:1513,0
DA:1514,0
DA:1517,0
DA:1521,0
DA:1522,0
DA:1525,0
DA:1526,0
DA:1527,0
DA:1531,0
DA:1533,0
DA:1536,0
DA:1555,0
DA:1557,0
DA:1558,0
DA:1560,0
DA:1563,0
DA:1564,0
DA:1567,0
DA:1568,0
DA:1569,0
DA:1573,0
DA:1578,0
DA:1579,0
DA:1583,0
DA:1584,0
DA:1585,0
DA:1589,0
DA:1590,0
DA:1594,0
DA:1597,0
DA:1600,0
DA:1602,0
DA:1603,0
DA:1607,0
DA:1608,0
DA:1609,0
DA:1612,0
DA:1614,0
DA:1615,0
DA:1616,0
DA:1619,0
DA:1621,0
DA:1622,0
DA:1623,0
DA:1626,0
DA:1627,0
DA:1633,0
DA:1637,0
DA:1638,0
DA:1640,0
DA:1641,0
DA:1644,0
DA:1647,0
DA:1650,0
DA:1656,0
DA:1661,0
DA:1668,0
DA:1673,0
DA:1674,0
DA:1676,0
DA:1677,0
DA:1678,0
DA:1681,0
DA:1682,0
DA:1683,0
DA:1685,0
DA:1687,0
DA:1696,0
DA:1700,0
DA:1704,0
DA:1705,0
DA:1706,0
DA:1709,0
DA:1711,0
DA:1714,0
DA:1715,0
DA:1717,0
DA:1718,0
DA:1719,0
DA:1721,0
DA:1723,0
DA:1725,0
DA:1726,0
DA:1727,0
DA:1730,0
DA:1735,1
DA:1741,1
DA:1743,1
DA:1744,1
DA:1750,1
DA:1751,0
DA:1753,1
DA:1756,1
DA:1758,1
DA:1759,0
DA:1761,1
DA:1762,1
DA:1763,1
DA:1764,1
DA:1766,1
DA:1767,0
DA:1772,0
DA:1773,0
DA:1776,1
DA:1778,0
DA:1783,0
DA:1784,0
DA:1787,1
DA:1789,0
DA:1795,0
DA:1798,1
DA:1800,0
DA:1806,0
DA:1810,1
DA:1813,1
DA:1817,1
DA:1818,0
DA:1821,1
DA:1823,1
DA:1834,0
DA:1841,0
DA:1846,0
DA:1847,0
DA:1849,0
DA:1850,0
DA:1851,0
DA:1854,0
DA:1855,0
DA:1856,0
DA:1858,0
DA:1860,0
DA:1869,0
DA:1873,0
DA:1877,0
DA:1878,0
DA:1879,0
DA:1882,0
DA:1884,0
DA:1887,0
DA:1888,0
DA:1890,0
DA:1891,0
DA:1892,0
DA:1894,0
DA:1896,0
DA:1898,0
DA:1899,0
DA:1900,0
DA:1903,0
DA:1908,0
DA:1914,0
DA:1916,0
DA:1917,0
DA:1923,0
DA:1924,0
DA:1926,0
DA:1929,0
DA:1931,0
DA:1932,0
DA:1934,0
DA:1935,0
DA:1936,0
DA:1937,0
DA:1939,0
DA:1940,0
DA:1945,0
DA:1946,0
DA:1949,0
DA:1952,0
DA:1957,0
DA:1958,0
DA:1961,0
DA:1963,0
DA:1969,0
DA:1972,0
DA:1974,0
DA:1980,0
DA:1984,0
DA:1987,0
DA:1988,0
DA:1991,0
DA:1993,0
DA:1996,0
DA:2006,0
DA:2012,0
DA:2017,0
DA:2020,0
DA:2023,0
DA:2026,0
DA:2027,0
DA:2028,0
DA:2029,0
DA:2031,0
DA:2034,0
DA:2036,0
DA:2039,0
DA:2043,0
DA:2049,0
DA:2055,0
DA:2056,0
DA:2057,0
DA:2060,0
DA:2063,0
DA:2066,0
DA:2067,0
DA:2070,0
DA:2073,0
DA:2077,0
DA:2080,0
DA:2084,0
DA:2090,0
DA:2096,0
DA:2099,0
DA:2102,0
DA:2105,0
DA:2107,0
DA:2108,0
DA:2110,0
DA:2113,0
DA:2115,0
DA:2118,0
DA:2122,0
DA:2128,0
DA:2134,0
DA:2135,0
DA:2136,0
DA:2139,0
DA:2142,0
DA:2145,0
DA:2146,0
DA:2147,0
DA:2148,0
DA:2150,0
DA:2153,0
DA:2155,0
DA:2158,0
DA:2162,0
DA:2168,0
DA:2173,0
DA:2176,0
DA:2179,0
DA:2181,0
DA:2182,0
DA:2184,0
DA:2187,0
DA:2191,0
DA:2196,0
DA:2198,0
DA:2199,0
DA:2202,0
DA:2208,0
DA:2209,0
DA:2212,0
DA:2213,0
DA:2219,0
DA:2222,0
DA:2223,0
DA:2225,0
DA:2228,0
DA:2229,0
DA:2230,0
DA:2231,0
DA:2233,0
DA:2234,0
DA:2235,0
DA:2238,0
DA:2239,0
DA:2241,0
DA:2243,0
DA:2244,0
DA:2247,0
DA:2249,0
DA:2252,0
DA:2255,0
DA:2259,0
DA:2262,0
DA:2265,11
DA:2270,11
DA:2273,11
DA:2275,11
DA:2276,0
DA:2277,0
DA:2280,11
DA:2282,11
DA:2283,0
DA:2284,0
DA:2289,11
DA:2291,0
DA:2294,0
DA:2298,11
DA:2299,0
DA:2300,0
DA:2305,11
DA:2307,11
DA:2310,0
DA:2315,0
DA:2318,0
DA:2320,0
DA:2321,0
DA:2322,0
DA:2325,0
DA:2327,0
DA:2328,0
DA:2329,0
DA:2334,0
DA:2335,0
DA:2340,0
DA:2342,0
DA:2347,0
DA:2348,0
DA:2350,0
DA:2356,0
DA:2358,0
DA:2401,0
DA:2411,0
DA:2413,0
DA:2417,2
DA:2432,2
DA:2435,2
DA:2438,2
DA:2440,2
DA:2441,0
DA:2444,0
DA:2447,2
DA:2448,0
DA:2455,0
DA:2457,0
DA:2460,2
DA:2463,2
DA:2465,2
DA:2466,0
DA:2467,0
DA:2468,0
DA:2469,0
DA:2476,0
DA:2479,0
DA:2483,4
DA:2484,2
DA:2487,2
DA:2488,0
DA:2490,0
DA:2492,0
DA:2493,0
DA:2499,0
DA:2501,0
DA:2503,0
DA:2507,0
DA:2508,0
DA:2509,0
DA:2510,0
DA:2515,2
DA:2516,2
DA:2517,0
DA:2521,2
DA:2522,2
DA:2526,0
DA:2527,0
DA:2533,0
DA:2534,0
DA:2538,2
DA:2540,2
DA:2541,0
DA:2543,0
DA:2544,0
DA:2550,0
DA:2552,0
DA:2554,0
DA:2560,0
DA:2563,0
DA:2571,0
DA:2573,0
DA:2577,0
DA:2584,2
DA:2587,0
DA:2594,0
DA:2597,0
DA:2606,2
DA:2610,2
DA:2612,4
DA:2613,2
DA:2615,2
DA:2618,2
DA:2623,0
DA:2625,0
DA:2629,2
DA:2630,2
DA:2637,0
DA:2645,0
DA:2654,0
DA:2660,0
DA:2665,0
DA:2666,0
DA:2670,0
DA:2671,0
DA:2675,0
DA:2683,0
DA:2686,0
DA:2689,0
DA:2691,0
DA:2693,0
DA:2694,0
DA:2696,0
DA:2703,0
DA:2711,0
DA:2721,0
DA:2723,0
DA:2724,0
DA:2726,0
DA:2730,0
DA:2731,0
DA:2735,0
DA:2743,0
DA:2747,0
DA:2749,0
DA:2750,0
DA:2752,0
DA:2753,0
DA:2755,0
DA:2756,0
DA:2757,0
DA:2760,0
DA:2763,0
DA:2765,0
DA:2767,0
DA:2769,0
DA:2770,0
DA:2771,0
DA:2773,0
DA:2776,0
DA:2778,0
DA:2779,0
DA:2782,0
DA:2790,0
LF:966
LH:261
end_of_record
TN:
SF:/home/runner/work/dlt-daemon/dlt-daemon/src/daemon/dlt_daemon_common.c
FN:96,dlt_daemon_cmp_apid
FN:107,dlt_daemon_cmp_apid_ctid
FN:128,dlt_daemon_find_users_list
FN:234,dlt_daemon_init_runtime_configuration
FN:291,dlt_daemon_init
FN:343,dlt_daemon_free
FN:381,dlt_daemon_init_user_information
FN:427,dlt_daemon_applications_invalidate_fd
FN:453,dlt_daemon_applications_clear
FN:489,dlt_daemon_application_reset_user_handle
FN:516,dlt_daemon_application_add
FN:684,dlt_daemon_application_del
FN:729,dlt_daemon_application_find
FN:763,dlt_daemon_applications_load
FN:855,dlt_daemon_applications_save
FN:904,dlt_daemon_context_add
FN:1123,dlt_daemon_context_del
FN:1176,dlt_daemon_context_find
FN:1213,dlt_daemon_contexts_invalidate_fd
FN:1239,dlt_daemon_contexts_clear
FN:1273,dlt_daemon_contexts_load
FN:1383,dlt_daemon_contexts_save
FN:1437,dlt_daemon_configuration_save
FN:1458,dlt_daemon_configuration_load
FN:1525,dlt_daemon_user_send_log_level
FN:1586,dlt_daemon_user_send_log_state
FN:1615,dlt_daemon_control_reset_to_factory_default
FN:1671,dlt_daemon_user_send_default_update
FN:1705,dlt_daemon_user_send_all_log_level_update
FN:1761,dlt_daemon_user_send_all_trace_status_update
FN:1797,dlt_daemon_user_send_all_log_state
FN:1826,dlt_daemon_change_state
FNDA:474,dlt_daemon_find_users_list
FNDA:0,dlt_daemon_contexts_save
FNDA:0,dlt_daemon_user_send_all_trace_status_update
FNDA:0,dlt_daemon_user_send_all_log_level_update
FNDA:157,dlt_daemon_context_find
FNDA:9,dlt_daemon_init_runtime_configuration
FNDA:6,dlt_daemon_application_del
FNDA:17,dlt_daemon_init
FNDA:5,dlt_daemon_user_send_all_log_state
FNDA:0,dlt_daemon_configuration_save
FNDA:9,dlt_daemon_applications_load
FNDA:16,dlt_daemon_change_state
FNDA:471,dlt_daemon_cmp_apid_ctid
FNDA:0,dlt_daemon_contexts_load
FNDA:15,dlt_daemon_applications_invalidate_fd
FNDA:149,dlt_daemon_application_find
FNDA:10,dlt_daemon_contexts_clear
FNDA:10,dlt_daemon_application_add
FNDA:15,dlt_daemon_application_reset_user_handle
FNDA:10,dlt_daemon_applications_clear
FNDA:15,dlt_daemon_contexts_invalidate_fd
FNDA:37,dlt_daemon_context_del
FNDA:18,dlt_daemon_init_user_information
FNDA:9,dlt_daemon_free
FNDA:0,dlt_daemon_cmp_apid
FNDA:9,dlt_daemon_configuration_load
FNDA:9,dlt_daemon_user_send_log_state
FNDA:0,dlt_daemon_user_send_default_update
FNDA:41,dlt_daemon_context_add
FNDA:0,dlt_daemon_applications_save
FNDA:0,dlt_daemon_control_reset_to_factory_default
FNDA:41,dlt_daemon_user_send_log_level
FNF:32
FNH:23
DA:96,0
DA:98,132
DA:104,132
DA:107,471
DA:109,471
DA:116,471
DA:118,471
DA:120,471
DA:121,471
DA:128,474
DA:132,474
DA:136,474
DA:137,0
DA:138,0
DA:141,476
DA:142,444
DA:143,442
DA:145,32
DA:146,32
DA:234,9
DA:236,9
DA:239,9
DA:243,9
DA:245,9
DA:251,9
DA:252,0
DA:253,0
DA:256,9
DA:257,9
DA:260,9
DA:264,9
DA:265,0
DA:266,0
DA:269,9
DA:270,9
DA:273,9
DA:277,9
DA:278,0
DA:279,0
DA:282,9
DA:283,9
DA:286,9
DA:288,9
DA:291,17
DA:301,17
DA:303,17
DA:306,17
DA:307,17
DA:309,17
DA:310,17
DA:311,17
DA:313,17
DA:315,17
DA:317,17
DA:319,17
DA:321,17
DA:322,17
DA:324,17
DA:327,17
DA:330,17
DA:336,17
DA:340,17
DA:343,9
DA:348,9
DA:350,9
DA:354,19
DA:355,10
DA:357,10
DA:359,10
DA:360,10
DA:364,9
DA:372,9
DA:373,9
DA:376,9
DA:378,9
DA:381,18
DA:389,18
DA:391,18
DA:394,18
DA:396,17
DA:398,17
DA:399,0
DA:400,0
DA:403,17
DA:404,17
DA:407,1
DA:410,1
DA:412,1
DA:413,0
DA:414,0
DA:417,1
DA:418,1
DA:420,2
DA:421,1
DA:427,15
DA:435,15
DA:437,15
DA:440,15
DA:442,15
DA:443,26
DA:444,11
DA:445,0
DA:453,10
DA:458,10
DA:460,10
DA:463,10
DA:465,10
DA:468,11
DA:469,1
DA:476,1
DA:477,1
DA:480,10
DA:481,7
DA:483,10
DA:484,10
DA:486,10
DA:489,15
DA:497,15
DA:500,6
DA:501,6
DA:502,6
DA:503,0
DA:504,0
DA:505,0
DA:509,6
DA:510,6
DA:512,6
DA:513,6
DA:516,10
DA:535,10
DA:538,10
DA:540,10
DA:543,10
DA:544,10
DA:545,10
DA:547,10
DA:554,10
DA:556,10
DA:557,10
DA:559,10
DA:560,10
DA:562,0
DA:563,0
DA:564,0
DA:565,0
DA:568,0
DA:569,0
DA:570,0
DA:571,0
DA:574,0
DA:576,0
DA:577,0
DA:581,10
DA:583,10
DA:584,10
DA:585,10
DA:586,10
DA:587,10
DA:588,10
DA:593,0
DA:596,0
DA:604,10
DA:605,0
DA:606,0
DA:609,10
DA:610,10
DA:612,10
DA:613,10
DA:615,0
DA:616,0
DA:617,0
DA:621,10
DA:622,9
DA:623,9
DA:627,10
DA:647,9
DA:648,0
DA:649,0
DA:657,9
DA:658,9
DA:660,9
DA:661,9
DA:662,9
DA:666,10
DA:667,10
DA:668,10
DA:673,10
DA:684,6
DA:692,6
DA:694,6
DA:697,6
DA:699,6
DA:702,6
DA:703,6
DA:706,6
DA:707,6
DA:708,6
DA:711,6
DA:714,6
DA:715,6
DA:716,6
DA:719,6
DA:723,6
DA:729,149
DA:737,149
DA:739,149
DA:740,149
DA:743,149
DA:745,149
DA:749,132
DA:750,132
DA:751,132
DA:755,132
DA:756,132
DA:757,132
DA:758,132
DA:763,9
DA:771,9
DA:773,9
DA:776,9
DA:778,9
DA:779,9
DA:783,9
DA:785,9
DA:788,0
DA:795,0
DA:798,0
DA:799,0
DA:802,0
DA:803,0
DA:804,0
DA:806,0
DA:808,0
DA:809,0
DA:812,0
DA:815,0
DA:816,0
DA:820,0
DA:822,0
DA:824,0
DA:825,0
DA:826,0
DA:828,0
DA:831,0
DA:836,0
DA:838,0
DA:842,0
DA:843,0
DA:850,0
DA:852,0
DA:855,0
DA:863,0
DA:865,0
DA:870,0
DA:872,0
DA:875,0
DA:876,0
DA:878,0
DA:879,0
DA:880,0
DA:882,0
DA:883,0
DA:892,0
DA:895,0
DA:904,41
DA:921,41
DA:923,41
DA:924,41
DA:927,41
DA:930,41
DA:933,41
DA:935,41
DA:938,41
DA:939,10
DA:941,10
DA:946,41
DA:948,41
DA:952,41
DA:954,41
DA:955,41
DA:957,41
DA:958,41
DA:960,0
DA:961,0
DA:962,0
DA:963,0
DA:966,0
DA:967,0
DA:968,0
DA:969,0
DA:972,0
DA:974,0
DA:975,0
DA:979,41
DA:982,41
DA:983,41
DA:985,41
DA:990,41
DA:991,0
DA:992,0
DA:995,41
DA:996,41
DA:998,41
DA:999,41
DA:1033,41
DA:1037,0
DA:1041,0
DA:1044,0
DA:1055,41
DA:1056,0
DA:1057,41
DA:1058,41
DA:1061,41
DA:1062,41
DA:1067,41
DA:1068,0
DA:1070,41
DA:1073,41
DA:1074,41
DA:1075,41
DA:1080,41
DA:1123,37
DA:1132,37
DA:1134,37
DA:1137,37
DA:1139,37
DA:1142,37
DA:1143,37
DA:1149,37
DA:1150,37
DA:1151,37
DA:1154,37
DA:1157,37
DA:1158,37
DA:1159,37
DA:1162,37
DA:1166,37
DA:1169,37
DA:1170,37
DA:1176,157
DA:1185,157
DA:1187,157
DA:1188,157
DA:1191,157
DA:1193,157
DA:1197,112
DA:1198,112
DA:1199,112
DA:1203,112
DA:1204,112
DA:1206,112
DA:1207,112
DA:1208,112
DA:1213,15
DA:1221,15
DA:1223,15
DA:1226,15
DA:1228,15
DA:1229,39
DA:1230,24
DA:1231,0
DA:1239,10
DA:1244,10
DA:1246,10
DA:1249,10
DA:1251,10
DA:1254,11
DA:1255,1
DA:1256,1
DA:1257,1
DA:1260,10
DA:1261,7
DA:1262,7
DA:1265,11
DA:1266,1
DA:1268,10
DA:1270,10
DA:1273,0
DA:1282,0
DA:1284,0
DA:1287,0
DA:1289,0
DA:1290,0
DA:1293,0
DA:1295,0
DA:1298,0
DA:1305,0
DA:1308,0
DA:1309,0
DA:1312,0
DA:1313,0
DA:1314,0
DA:1316,0
DA:1318,0
DA:1319,0
DA:1322,0
DA:1325,0
DA:1326,0
DA:1330,0
DA:1332,0
DA:1334,0
DA:1335,0
DA:1336,0
DA:1338,0
DA:1339,0
DA:1340,0
DA:1342,0
DA:1343,0
DA:1344,0
DA:1346,0
DA:1347,0
DA:1348,0
DA:1350,0
DA:1354,0
DA:1357,0
DA:1358,0
DA:1362,0
DA:1364,0
DA:1367,0
DA:1368,0
DA:1378,0
DA:1380,0
DA:1383,0
DA:1391,0
DA:1393,0
DA:1396,0
DA:1398,0
DA:1404,0
DA:1405,0
DA:1407,0
DA:1408,0
DA:1409,0
DA:1410,0
DA:1412,0
DA:1413,0
DA:1414,0
DA:1415,0
DA:1416,0
DA:1419,0
DA:1420,0
DA:1421,0
DA:1424,0
DA:1427,0
DA:1437,0
DA:1441,0
DA:1443,0
DA:1446,0
DA:1448,0
DA:1450,0
DA:1452,0
DA:1458,9
DA:1460,9
DA:1469,9
DA:1471,9
DA:1473,9
DA:1476,18
DA:1477,9
DA:1478,9
DA:1479,9
DA:1481,18
DA:1482,9
DA:1485,9
DA:1487,9
DA:1491,0
DA:1492,0
DA:1495,9
DA:1498,9
DA:1500,0
DA:1501,0
DA:1502,0
DA:1506,0
DA:1516,9
DA:1519,0
DA:1525,41
DA:1532,41
DA:1534,41
DA:1535,0
DA:1536,0
DA:1539,41
DA:1540,0
DA:1541,0
DA:1544,41
DA:1545,34
DA:1546,32
DA:1549,9
DA:1550,9
DA:1552,41
DA:1553,41
DA:1555,41
DA:1557,41
DA:1558,41
DA:1559,41
DA:1560,41
DA:1561,41
DA:1566,41
DA:1567,41
DA:1571,41
DA:1572,0
DA:1574,0
DA:1576,0
DA:1577,0
DA:1578,0
DA:1579,0
DA:1583,41
DA:1586,9
DA:1592,9
DA:1594,9
DA:1597,9
DA:1600,9
DA:1603,9
DA:1607,9
DA:1608,0
DA:1609,0
DA:1612,9
DA:1615,0
DA:1625,0
DA:1627,0
DA:1628,0
DA:1629,0
DA:1632,0
DA:1633,0
DA:1634,0
DA:1638,0
DA:1640,0
DA:1642,0
DA:1643,0
DA:1644,0
DA:1645,0
DA:1649,0
DA:1651,0
DA:1653,0
DA:1654,0
DA:1655,0
DA:1656,0
DA:1660,0
DA:1661,0
DA:1662,0
DA:1668,0
DA:1671,0
DA:1677,0
DA:1679,0
DA:1680,0
DA:1681,0
DA:1684,0
DA:1686,0
DA:1689,0
DA:1690,0
DA:1692,0
DA:1693,0
DA:1694,0
DA:1695,0
DA:1696,0
DA:1699,0
DA:1705,0
DA:1715,0
DA:1717,0
DA:1720,0
DA:1722,0
DA:1725,0
DA:1726,0
DA:1728,0
DA:1729,0
DA:1730,0
DA:1732,0
DA:1743,0
DA:1744,0
DA:1748,0
DA:1751,0
DA:1753,0
DA:1754,0
DA:1755,0
DA:1761,0
DA:1767,0
DA:1769,0
DA:1772,0
DA:1774,0
DA:1777,0
DA:1779,0
DA:1780,0
DA:1782,0
DA:1783,0
DA:1784,0
DA:1786,0
DA:1787,0
DA:1789,0
DA:1790,0
DA:1791,0
DA:1797,5
DA:1803,5
DA:1805,5
DA:1806,0
DA:1807,0
DA:1810,5
DA:1812,5
DA:1815,7
DA:1816,2
DA:1818,2
DA:1819,2
DA:1820,2
DA:1821,0
DA:1826,16
DA:1828,16
DA:1829,0
DA:1830,0
DA:1831,0
DA:1832,0
DA:1833,12
DA:1834,12
DA:1835,12
DA:1836,12
DA:1837,0
DA:1838,0
DA:1839,0
DA:1840,0
DA:1841,2
DA:1842,2
DA:1843,2
DA:1844,2
DA:1845,2
DA:1846,2
DA:1847,2
DA:1848,2
DA:1850,16
LF:623
LH:351
end_of_record
TN:
SF:/home/runner/work/dlt-daemon/dlt-daemon/src/daemon/dlt_daemon_connection.c
FN:69,dlt_connection_send
FN:111,dlt_connection_send_multiple
FN:149,dlt_connection_get_next
FN:157,dlt_connection_destroy_receiver
FN:193,dlt_connection_get_receiver
FN:280,dlt_connection_get_callback
FN:345,dlt_connection_destroy
FN:368,dlt_connection_create
FNDA:47,dlt_connection_create
FNDA:2,dlt_connection_get_next
FNDA:1187,dlt_connection_get_callback
FNDA:48,dlt_connection_destroy
FNDA:48,dlt_connection_get_receiver
FNDA:436,dlt_connection_send
FNDA:49,dlt_connection_destroy_receiver
FNDA:219,dlt_connection_send_multiple
FNF:8
FNH:8
DA:69,436
DA:76,436
DA:77,436
DA:79,436
DA:80,1
DA:82,1
DA:83,1
DA:87,434
DA:88,434
DA:91,434
DA:111,219
DA:120,219
DA:123,218
DA:124,1
DA:128,218
DA:129,218
DA:131,218
DA:132,214
DA:149,2
DA:151,3
DA:152,1
DA:154,2
DA:157,49
DA:159,49
DA:162,49
DA:166,9
DA:167,9
DA:168,9
DA:169,9
DA:170,9
DA:171,36
DA:172,36
DA:173,36
DA:174,36
DA:175,36
DA:193,48
DA:201,48
DA:202,25
DA:209,25
DA:211,25
DA:212,25
DA:215,1
DA:216,1
DA:218,1
DA:219,1
DA:222,9
DA:223,9
DA:227,9
DA:228,9
DA:231,0
DA:235,9
DA:236,9
DA:243,10
DA:252,10
DA:254,10
DA:255,10
DA:258,3
DA:260,3
DA:261,3
DA:266,48
DA:280,1187
DA:285,1187
DA:286,1187
DA:288,1187
DA:292,4
DA:294,4
DA:295,0
DA:297,0
DA:303,1160
DA:305,1160
DA:306,11
DA:308,11
DA:309,0
DA:311,0
DA:317,2
DA:319,2
DA:320,4
DA:322,4
DA:323,2
DA:325,2
DA:326,0
DA:328,0
DA:329,0
DA:333,1187
DA:345,48
DA:347,48
DA:348,48
DA:349,48
DA:350,48
DA:351,48
DA:368,47
DA:376,47
DA:380,47
DA:388,47
DA:390,47
DA:391,0
DA:392,0
DA:397,47
DA:399,47
DA:400,0
DA:402,0
DA:403,0
DA:407,47
DA:408,47
DA:417,47
DA:418,20
DA:421,20
DA:422,1
DA:423,1
DA:428,46
DA:430,46
DA:432,10
DA:434,46
DA:435,46
DA:440,46
LF:115
LH:102
end_of_record
TN:
SF:/home/runner/work/dlt-daemon/dlt-daemon/src/daemon/dlt_daemon_event_handler.c
FN:79,dlt_daemon_prepare_event_handling
FN:111,dlt_event_handler_enable_fd
FN:144,dlt_event_handler_disable_fd
FN:184,dlt_daemon_handle_event
FN:289,dlt_event_handler_find_connection
FN:312,dlt_daemon_remove_connection
FN:352,dlt_event_handler_cleanup_connections
FN:377,dlt_daemon_add_connection
FN:402,dlt_connection_check_activate
FN:463,dlt_event_handler_register_connection
FN:504,dlt_event_handler_unregister_connection
FNDA:49,dlt_event_handler_register_connection
FNDA:57,dlt_connection_check_activate
FNDA:49,dlt_event_handler_enable_fd
FNDA:47,dlt_daemon_remove_connection
FNDA:6,dlt_daemon_add_connection
FNDA:10,dlt_event_handler_cleanup_connections
FNDA:1122,dlt_event_handler_find_connection
FNDA:16,dlt_daemon_prepare_event_handling
FNDA:7,dlt_event_handler_unregister_connection
FNDA:7,dlt_event_handler_disable_fd
FNDA:1196,dlt_daemon_handle_event
FNF:11
FNH:11
DA:66,293
DA:67,293
DA:68,293
DA:69,7
DA:79,16
DA:83,16
DA:86,15
DA:88,15
DA:89,0
DA:90,0
DA:93,255
DA:94,240
DA:96,15
DA:97,15
DA:99,15
DA:111,49
DA:113,49
DA:114,2
DA:115,2
DA:116,2
DA:118,2
DA:119,0
DA:121,0
DA:124,2
DA:125,2
DA:127,2
DA:128,0
DA:131,49
DA:132,49
DA:133,49
DA:144,7
DA:148,7
DA:150,36
DA:151,29
DA:153,7
DA:154,7
DA:157,29
DA:158,22
DA:161,7
DA:162,0
DA:163,0
DA:164,0
DA:170,7
DA:184,1196
DA:192,1196
DA:195,1195
DA:197,1195
DA:201,10
DA:204,1
DA:205,0
DA:207,10
DA:214,6157
DA:219,4972
DA:220,3783
DA:222,1189
DA:224,1189
DA:225,1189
DA:226,1189
DA:229,0
DA:230,0
DA:234,1189
DA:237,2
DA:242,2
DA:244,0
DA:248,2
DA:252,1187
DA:254,1187
DA:255,0
DA:258,0
DA:262,1187
DA:266,0
DA:268,0
DA:289,1122
DA:291,2316
DA:293,4672
DA:294,4624
DA:295,1074
DA:296,2356
DA:312,47
DA:315,47
DA:318,47
DA:322,70
DA:324,23
DA:327,47
DA:329,0
DA:330,0
DA:332,47
DA:334,41
DA:337,6
DA:341,47
DA:343,47
DA:352,10
DA:356,10
DA:360,50
DA:362,40
DA:364,49
DA:365,39
DA:367,10
DA:377,6
DA:381,50
DA:383,143
DA:384,93
DA:386,50
DA:387,6
DA:402,57
DA:406,57
DA:407,1
DA:408,1
DA:411,56
DA:412,7
DA:414,7
DA:415,7
DA:417,7
DA:419,7
DA:420,0
DA:422,7
DA:426,49
DA:428,49
DA:429,49
DA:431,49
DA:432,49
DA:435,49
DA:439,0
DA:440,0
DA:441,0
DA:463,49
DA:468,49
DA:469,1
DA:470,1
DA:473,4
DA:475,48
DA:477,4
DA:480,48
DA:482,48
DA:483,48
DA:485,48
DA:504,7
DA:508,7
DA:514,2
DA:516,7
DA:517,1
DA:518,1
DA:521,6
DA:523,3
DA:525,3
DA:526,0
DA:527,0
DA:531,6
DA:534,0
DA:537,6
LF:150
LH:125
end_of_record
TN:
SF:/home/runner/work/dlt-daemon/dlt-daemon/src/daemon/dlt_daemon_offline_logstorage.c
FN:43,dlt_logstorage_split_ecuid
FN:71,dlt_logstorage_split_ctid
FN:96,dlt_logstorage_split_apid
FN:121,dlt_logstorage_split_apid_ctid
FN:161,dlt_logstorage_split_ecuid_apid
FN:205,dlt_logstorage_split_multi
FN:263,dlt_logstorage_split_key
FN:309,dlt_daemon_logstorage_update_passive_node_context
FN:371,dlt_daemon_logstorage_send_log_level
FN:433,dlt_daemon_logstorage_reset_log_level
FN:485,dlt_daemon_logstorage_force_reset_level
FN:547,dlt_logstorage_update_all_contexts
FN:618,dlt_logstorage_update_context
FN:691,dlt_logstorage_update_context_loglevel
FN:786,dlt_daemon_logstorage_reset_application_loglevel
FN:873,dlt_daemon_logstorage_update_application_loglevel
FN:946,dlt_daemon_logstorage_get_loglevel
FN:1014,dlt_daemon_logstorage_write
FN:1093,dlt_daemon_logstorage_setup_internal_storage
FN:1133,dlt_daemon_logstorage_set_logstorage_cache_size
FN:1139,dlt_daemon_logstorage_cleanup
FN:1174,dlt_daemon_logstorage_sync_cache
FN:1236,dlt_daemon_logstorage_get_device
FNDA:8,dlt_daemon_logstorage_cleanup
FNDA:34,dlt_logstorage_split_multi
FNDA:42,dlt_logstorage_split_key
FNDA:10,dlt_daemon_logstorage_update_application_loglevel
FNDA:1,dlt_logstorage_split_apid
FNDA:2,dlt_daemon_logstorage_send_log_level
FNDA:38,dlt_logstorage_update_context
FNDA:5,dlt_daemon_logstorage_get_device
FNDA:37,dlt_logstorage_update_context_loglevel
FNDA:1,dlt_logstorage_split_apid_ctid
FNDA:0,dlt_logstorage_split_ctid
FNDA:0,dlt_daemon_logstorage_force_reset_level
FNDA:0,dlt_daemon_logstorage_update_passive_node_context
FNDA:4,dlt_logstorage_update_all_contexts
FNDA:5842,dlt_daemon_logstorage_write
FNDA:0,dlt_logstorage_split_ecuid
FNDA:2,dlt_daemon_logstorage_reset_application_loglevel
FNDA:35,dlt_daemon_logstorage_get_loglevel
FNDA:10,dlt_daemon_logstorage_set_logstorage_cache_size
FNDA:4,dlt_daemon_logstorage_sync_cache
FNDA:1,dlt_daemon_logstorage_reset_log_level
FNDA:8,dlt_daemon_logstorage_setup_internal_storage
FNDA:1,dlt_logstorage_split_ecuid_apid
FNF:23
FNH:19
DA:43,0
DA:49,0
DA:52,0
DA:56,0
DA:71,0
DA:76,0
DA:79,0
DA:82,0
DA:96,1
DA:101,1
DA:104,1
DA:107,1
DA:121,1
DA:128,1
DA:132,1
DA:134,1
DA:139,1
DA:141,1
DA:146,1
DA:161,1
DA:169,1
DA:173,1
DA:175,1
DA:180,1
DA:182,1
DA:189,1
DA:205,34
DA:213,34
DA:216,34
DA:218,34
DA:221,34
DA:223,34
DA:226,0
DA:228,0
DA:235,34
DA:237,34
DA:240,34
DA:242,34
DA:263,42
DA:269,42
DA:272,37
DA:274,37
DA:276,37
DA:280,37
DA:281,0
DA:283,37
DA:284,0
DA:286,37
DA:287,1
DA:289,36
DA:290,1
DA:292,35
DA:293,1
DA:296,34
DA:309,0
DA:317,0
DA:318,0
DA:321,0
DA:323,0
DA:324,0
DA:325,0
DA:326,0
DA:329,0
DA:331,0
DA:332,0
DA:335,0
DA:338,0
DA:339,0
DA:341,0
DA:342,0
DA:344,0
DA:346,0
DA:347,0
DA:351,0
DA:371,2
DA:381,2
DA:382,2
DA:383,0
DA:384,0
DA:387,2
DA:388,2
DA:390,2
DA:393,2
DA:394,2
DA:395,0
DA:396,0
DA:402,0
DA:404,0
DA:406,0
DA:407,0
DA:408,0
DA:409,0
DA:433,1
DA:440,1
DA:441,1
DA:442,0
DA:443,0
DA:447,1
DA:449,1
DA:450,1
DA:451,1
DA:454,0
DA:455,0
DA:459,0
DA:460,0
DA:461,0
DA:485,0
DA:496,0
DA:498,0
DA:499,0
DA:500,0
DA:501,0
DA:504,0
DA:505,0
DA:507,0
DA:511,0
DA:512,0
DA:515,0
DA:518,0
DA:519,0
DA:521,0
DA:523,0
DA:547,4
DA:557,4
DA:559,4
DA:560,3
DA:562,1
DA:563,1
DA:566,3
DA:568,3
DA:571,3
DA:572,0
DA:573,0
DA:574,0
DA:575,0
DA:578,0
DA:580,0
DA:581,0
DA:582,0
DA:584,0
DA:589,0
DA:591,0
DA:618,38
DA:628,38
DA:629,37
DA:630,1
DA:631,1
DA:634,37
DA:636,37
DA:637,3
DA:638,2
DA:645,1
DA:653,34
DA:656,0
DA:665,34
DA:671,34
DA:691,37
DA:698,37
DA:699,37
DA:700,37
DA:702,37
DA:704,37
DA:707,36
DA:708,0
DA:710,0
DA:713,36
DA:714,2
DA:717,36
DA:720,0
DA:727,0
DA:729,36
DA:732,1
DA:739,0
DA:742,35
DA:746,0
DA:753,0
DA:757,35
DA:765,34
DA:786,2
DA:795,2
DA:799,2
DA:801,2
DA:802,1
DA:803,2
DA:806,2
DA:809,0
DA:811,0
DA:812,0
DA:817,0
DA:818,0
DA:820,0
DA:824,0
DA:825,0
DA:833,0
DA:840,0
DA:844,0
DA:845,0
DA:847,0
DA:848,0
DA:850,0
DA:851,0
DA:873,10
DA:880,10
DA:884,10
DA:886,10
DA:888,1
DA:891,1
DA:894,9
DA:896,9
DA:897,9
DA:902,9
DA:903,44
DA:905,70
DA:909,35
DA:910,35
DA:914,35
DA:915,35
DA:917,0
DA:918,0
DA:922,35
DA:928,35
DA:946,35
DA:951,35
DA:958,35
DA:961,68
DA:962,34
DA:964,34
DA:968,34
DA:970,34
DA:971,1
DA:972,1
DA:975,66
DA:977,33
DA:978,0
DA:982,33
DA:983,0
DA:984,0
DA:987,33
DA:988,33
DA:994,34
DA:1014,5842
DA:1027,5842
DA:1028,5841
DA:1029,5841
DA:1030,1
DA:1033,1
DA:1038,5841
DA:1039,5841
DA:1040,5841
DA:1041,5841
DA:1042,5841
DA:1043,5841
DA:1045,11682
DA:1046,5841
DA:1048,5841
DA:1049,5841
DA:1058,0
DA:1063,0
DA:1064,0
DA:1067,5841
DA:1068,5841
DA:1072,0
DA:1093,8
DA:1100,8
DA:1102,8
DA:1107,7
DA:1109,7
DA:1110,0
DA:1111,0
DA:1115,7
DA:1120,7
DA:1122,0
DA:1125,0
DA:1133,10
DA:1136,10
DA:1137,10
DA:1139,8
DA:1145,8
DA:1147,8
DA:1150,14
DA:1152,7
DA:1155,6
DA:1156,6
DA:1157,6
DA:1158,6
DA:1159,6
DA:1160,6
DA:1161,6
DA:1162,6
DA:1163,6
DA:1164,6
DA:1166,6
DA:1174,4
DA:1182,4
DA:1184,4
DA:1187,3
DA:1188,3
DA:1193,3
DA:1197,3
DA:1198,3
DA:1199,3
DA:1200,3
DA:1201,3
DA:1202,3
DA:1203,3
DA:1204,3
DA:1205,3
DA:1206,3
DA:1208,3
DA:1209,0
DA:1214,0
DA:1215,0
DA:1217,0
DA:1218,0
DA:1219,0
DA:1220,0
DA:1221,0
DA:1222,0
DA:1223,0
DA:1224,0
DA:1225,0
DA:1226,0
DA:1228,0
DA:1236,5
DA:1246,5
DA:1248,5
DA:1251,4
DA:1253,4
DA:1254,4
DA:1259,4
DA:1261,4
DA:1262,4
LF:332
LH:205
end_of_record
TN:
SF:/home/runner/work/dlt-daemon/dlt-daemon/src/daemon/dlt_daemon_serial.c
FN:69,dlt_daemon_serial_send
FNDA:0,dlt_daemon_serial_send
FNF:1
FNH:0
DA:69,0
DA:77,0
DA:78,0
DA:85,0
DA:86,0
DA:91,0
DA:92,0
DA:93,0
LF:8
LH:0
end_of_record
TN:
SF:/home/runner/work/dlt-daemon/dlt-daemon/src/daemon/dlt_daemon_socket.c
FN:63,dlt_daemon_socket_open
FN:163,dlt_daemon_socket_close
FN:170,dlt_daemon_socket_send
FN:206,dlt_daemon_socket_get_send_qeue_max_size
FN:219,dlt_daemon_socket_sendreliable
FNDA:9,dlt_daemon_socket_open
FNDA:15,dlt_daemon_socket_send
FNDA:9,dlt_daemon_socket_get_send_qeue_max_size
FNDA:0,dlt_daemon_socket_close
FNDA:464,dlt_daemon_socket_sendreliable
FNF:5
FNH:4
DA:63,9
DA:65,9
DA:72,9
DA:73,0
DA:74,0
DA:76,0
DA:90,9
DA:93,9
DA:94,0
DA:95,0
DA:100,0
DA:107,9
DA:108,9
DA:110,9
DA:111,9
DA:113,0
DA:125,0
DA:126,0
DA:127,0
DA:133,0
DA:136,9
DA:137,0
DA:138,0
DA:139,0
DA:141,0
DA:145,9
DA:148,9
DA:151,9
DA:152,0
DA:153,0
DA:157,0
DA:163,0
DA:165,0
DA:167,0
DA:170,15
DA:180,15
DA:181,0
DA:185,0
DA:191,15
DA:192,15
DA:194,15
DA:199,15
DA:200,15
DA:206,9
DA:208,9
DA:209,9
DA:210,9
DA:211,0
DA:213,0
DA:216,9
DA:219,464
DA:223,928
DA:224,464
DA:226,464
DA:229,464
DA:230,0
DA:231,0
DA:240,0
DA:242,464
LF:59
LH:31
end_of_record
TN:
SF:/home/runner/work/dlt-daemon/dlt-daemon/src/daemon/dlt_daemon_unix_socket.c
FN:87,dlt_daemon_unix_socket_open
FN:179,dlt_daemon_unix_socket_close
FNDA:9,dlt_daemon_unix_socket_open
FNDA:0,dlt_daemon_unix_socket_close
FNF:2
FNH:1
DA:87,9
DA:92,9
DA:93,0
DA:94,0
DA:139,9
DA:140,0
DA:141,0
DA:145,9
DA:148,9
DA:149,8
DA:150,8
DA:154,9
DA:156,9
DA:157,0
DA:158,0
DA:159,0
DA:162,9
DA:163,0
DA:164,0
DA:165,0
DA:169,9
DA:176,9
DA:179,0
DA:181,0
DA:183,0
DA:184,0
DA:187,0
LF:27
LH:12
end_of_record
TN:
SF:/home/runner/work/dlt-daemon/dlt-daemon/src/gateway/dlt_gateway.c
FN:58,dlt_gateway_check_ip
FN:99,dlt_gateway_check_port
FN:137,dlt_gateway_check_ecu
FN:160,dlt_gateway_check_connect_trigger
FN:191,dlt_gateway_check_timeout
FN:215,dlt_gateway_check_interval
FN:238,dlt_gateway_check_send_serial
FN:257,dlt_gateway_allocate_control_messages
FN:295,dlt_gateway_check_control_messages
FN:362,dlt_gateway_check_periodic_control_messages
FN:542,dlt_gateway_check_general_param
FN:566,dlt_gateway_check_param
FN:590,dlt_gateway_store_connection
FN:658,dlt_gateway_configure
FN:832,dlt_gateway_init
FN:866,dlt_gateway_deinit
FN:905,dlt_gateway_add_to_event_loop
FN:962,dlt_gateway_establish_connections
FN:1052,dlt_gateway_get_connection_receiver
FN:1081,dlt_gateway_parse_get_log_info
FN:1207,dlt_gateway_parse_get_default_log_level
FN:1256,dlt_gateway_control_service_logstorage
FN:1283,dlt_gateway_process_passive_node_messages
FN:1496,dlt_gateway_process_gateway_timer
FN:1533,dlt_gateway_forward_control_message
FN:1611,dlt_gateway_process_on_demand_request
FN:1679,dlt_gateway_send_control_message
FN:1758,dlt_gateway_get_connection
FNDA:7,dlt_gateway_check_connect_trigger
FNDA:0,dlt_gateway_parse_get_default_log_level
FNDA:9,dlt_gateway_check_port
FNDA:10,dlt_gateway_deinit
FNDA:3,dlt_gateway_add_to_event_loop
FNDA:6,dlt_gateway_check_send_serial
FNDA:1,dlt_gateway_control_service_logstorage
FNDA:7,dlt_gateway_store_connection
FNDA:4,dlt_gateway_process_passive_node_messages
FNDA:2,dlt_gateway_check_periodic_control_messages
FNDA:4,dlt_gateway_init
FNDA:17,dlt_gateway_allocate_control_messages
FNDA:7,dlt_gateway_check_timeout
FNDA:6,dlt_gateway_check_control_messages
FNDA:0,dlt_gateway_check_interval
FNDA:3,dlt_gateway_process_on_demand_request
FNDA:6,dlt_gateway_establish_connections
FNDA:7,dlt_gateway_check_ip
FNDA:6,dlt_gateway_check_ecu
FNDA:2,dlt_gateway_process_gateway_timer
FNDA:0,dlt_gateway_check_general_param
FNDA:6,dlt_gateway_get_connection_receiver
FNDA:0,dlt_gateway_get_connection
FNDA:3,dlt_gateway_parse_get_log_info
FNDA:5,dlt_gateway_configure
FNDA:32,dlt_gateway_check_param
FNDA:0,dlt_gateway_forward_control_message
FNDA:12,dlt_gateway_send_control_message
FNF:28
FNH:23
DA:58,7
DA:60,7
DA:61,1
DA:62,1
DA:68,6
DA:75,6
DA:76,6
DA:78,6
DA:79,0
DA:80,0
DA:86,0
DA:89,0
DA:99,9
DA:104,9
DA:105,1
DA:106,1
DA:109,8
DA:110,8
DA:111,8
DA:112,8
DA:113,0
DA:114,0
DA:118,8
DA:120,6
DA:121,6
DA:124,2
DA:127,2
DA:137,6
DA:140,6
DA:141,1
DA:142,1
DA:145,5
DA:147,5
DA:148,0
DA:160,7
DA:163,7
DA:164,1
DA:165,1
DA:168,6
DA:169,5
DA:171,1
DA:173,0
DA:176,1
DA:177,1
DA:178,1
DA:191,7
DA:194,7
DA:195,1
DA:196,1
DA:199,6
DA:202,6
DA:203,5
DA:215,0
DA:218,0
DA:219,0
DA:220,0
DA:223,0
DA:225,0
DA:226,0
DA:238,6
DA:241,6
DA:242,1
DA:243,1
DA:246,5
DA:248,5
DA:257,17
DA:259,17
DA:260,1
DA:261,1
DA:264,16
DA:265,7
DA:267,7
DA:268,0
DA:270,0
DA:274,9
DA:276,9
DA:277,0
DA:279,0
DA:282,9
DA:295,6
DA:300,6
DA:303,6
DA:304,1
DA:305,1
DA:308,5
DA:312,5
DA:314,18
DA:315,13
DA:316,0
DA:318,0
DA:321,13
DA:322,13
DA:323,13
DA:324,13
DA:325,13
DA:327,13
DA:330,13
DA:331,0
DA:334,0
DA:336,13
DA:339,0
DA:342,0
DA:345,13
DA:349,5
DA:350,5
DA:352,5
DA:362,2
DA:367,2
DA:370,2
DA:371,1
DA:372,1
DA:375,1
DA:379,1
DA:382,1
DA:384,3
DA:386,2
DA:389,2
DA:391,2
DA:392,2
DA:395,2
DA:398,3
DA:399,1
DA:400,0
DA:401,0
DA:403,0
DA:404,0
DA:412,1
DA:416,2
DA:418,2
DA:421,2
DA:422,1
DA:425,0
DA:428,2
DA:429,0
DA:431,0
DA:434,2
DA:435,2
DA:436,2
DA:437,2
DA:438,2
DA:440,2
DA:441,0
DA:446,2
DA:447,1
DA:451,2
DA:452,0
DA:455,0
DA:457,2
DA:460,0
DA:463,0
DA:466,2
DA:470,1
DA:471,1
DA:473,1
DA:542,0
DA:546,0
DA:547,0
DA:548,0
DA:551,0
DA:552,0
DA:566,32
DA:571,32
DA:572,1
DA:573,1
DA:576,31
DA:577,31
DA:590,7
DA:596,7
DA:598,7
DA:599,2
DA:600,2
DA:604,5
DA:605,5
DA:608,0
DA:612,5
DA:613,5
DA:614,5
DA:615,5
DA:616,5
DA:617,5
DA:618,5
DA:619,5
DA:620,5
DA:621,5
DA:622,5
DA:623,5
DA:624,5
DA:626,5
DA:629,0
DA:630,0
DA:631,0
DA:632,0
DA:633,0
DA:634,0
DA:635,0
DA:636,0
DA:640,5
DA:641,5
DA:642,0
DA:644,0
DA:658,5
DA:663,5
DA:665,5
DA:667,5
DA:668,1
DA:669,1
DA:673,4
DA:674,4
DA:679,4
DA:680,4
DA:681,0
DA:682,0
DA:683,0
DA:686,4
DA:687,4
DA:692,4
DA:693,4
DA:702,0
DA:705,4
DA:708,4
DA:709,0
DA:710,0
DA:711,0
DA:714,8
DA:719,4
DA:720,4
DA:725,4
DA:726,4
DA:728,4
DA:729,4
DA:730,0
DA:731,0
DA:734,4
DA:736,0
DA:737,0
DA:739,0
DA:742,0
DA:744,0
DA:747,0
DA:749,0
DA:751,0
DA:754,0
DA:758,0
DA:760,0
DA:761,0
DA:767,36
DA:768,32
DA:770,32
DA:773,32
DA:775,4
DA:778,4
DA:780,28
DA:782,0
DA:786,0
DA:790,28
DA:792,28
DA:793,0
DA:799,4
DA:803,4
DA:804,0
DA:810,4
DA:812,4
DA:813,0
DA:818,4
DA:819,4
DA:820,4
DA:822,4
DA:823,4
DA:828,4
DA:829,4
DA:832,4
DA:834,4
DA:836,4
DA:837,1
DA:838,1
DA:841,3
DA:845,3
DA:846,3
DA:848,3
DA:849,3
DA:851,0
DA:852,0
DA:861,3
DA:863,3
DA:866,10
DA:871,10
DA:872,0
DA:873,0
DA:876,10
DA:878,12
DA:879,2
DA:880,2
DA:881,2
DA:882,2
DA:883,2
DA:884,2
DA:886,6
DA:887,4
DA:888,4
DA:889,4
DA:893,10
DA:894,10
DA:905,3
DA:912,3
DA:913,0
DA:914,0
DA:918,3
DA:919,3
DA:920,3
DA:921,3
DA:924,3
DA:929,0
DA:930,0
DA:934,3
DA:936,9
DA:937,6
DA:939,6
DA:943,6
DA:947,6
DA:948,0
DA:949,0
DA:950,0
DA:952,6
DA:956,3
DA:957,3
DA:959,3
DA:962,6
DA:969,6
DA:971,6
DA:972,1
DA:973,1
DA:976,10
DA:977,5
DA:980,5
DA:981,5
DA:983,5
DA:985,5
DA:987,3
DA:988,0
DA:989,0
DA:993,2
DA:996,2
DA:998,2
DA:999,0
DA:1000,0
DA:1001,0
DA:1006,2
DA:1007,2
DA:1011,0
DA:1012,0
DA:1015,0
DA:1020,0
DA:1021,0
DA:1025,0
DA:1027,0
DA:1028,0
DA:1030,0
DA:1034,0
DA:1037,0
DA:1041,0
DA:1042,0
DA:1044,0
DA:1045,0
DA:1052,6
DA:1056,6
DA:1057,1
DA:1058,1
DA:1061,6
DA:1062,5
DA:1064,5
DA:1065,4
DA:1081,3
DA:1087,3
DA:1094,3
DA:1096,3
DA:1097,1
DA:1098,1
DA:1101,2
DA:1105,1
DA:1107,0
DA:1108,0
DA:1109,0
DA:1113,0
DA:1114,0
DA:1115,0
DA:1120,1
DA:1124,0
DA:1125,0
DA:1129,1
DA:1131,1
DA:1132,0
DA:1134,0
DA:1137,1
DA:1138,0
DA:1139,0
DA:1140,0
DA:1143,1
DA:1144,0
DA:1145,0
DA:1146,0
DA:1149,2
DA:1150,1
DA:1153,1
DA:1160,0
DA:1163,0
DA:1164,0
DA:1167,2
DA:1168,1
DA:1171,1
DA:1174,1
DA:1175,1
DA:1181,0
DA:1185,0
DA:1186,0
DA:1192,1
DA:1194,1
DA:1207,0
DA:1216,0
DA:1218,0
DA:1219,0
DA:1220,0
DA:1223,0
DA:1225,0
DA:1226,0
DA:1230,0
DA:1232,0
DA:1236,0
DA:1237,0
DA:1240,0
DA:1243,0
DA:1245,0
DA:1256,1
DA:1263,1
DA:1264,1
DA:1266,1
DA:1269,0
DA:1270,0
DA:1272,0
DA:1274,0
DA:1283,4
DA:1291,4
DA:1294,4
DA:1295,1
DA:1296,1
DA:1299,3
DA:1308,3
DA:1309,3
DA:1314,3
DA:1315,0
DA:1316,0
DA:1320,3
DA:1321,0
DA:1323,0
DA:1327,3
DA:1329,1
DA:1330,0
DA:1331,0
DA:1334,1
DA:1336,1
DA:1337,1
DA:1338,1
DA:1339,1
DA:1342,0
DA:1344,0
DA:1347,0
DA:1350,1
DA:1353,13
DA:1354,13
DA:1355,13
DA:1357,13
DA:1364,11
DA:1367,11
DA:1369,11
DA:1377,11
DA:1378,11
DA:1381,11
DA:1382,1
DA:1383,1
DA:1384,1
DA:1387,1
DA:1389,1
DA:1392,1
DA:1397,1
DA:1398,1
DA:1401,0
DA:1404,10
DA:1406,0
DA:1412,0
DA:1417,11
DA:1419,0
DA:1420,0
DA:1423,11
DA:1429,11
DA:1430,11
DA:1434,0
DA:1442,0
DA:1443,0
DA:1445,0
DA:1449,0
DA:1451,0
DA:1460,11
DA:1461,0
DA:1462,0
DA:1463,0
DA:1464,0
DA:1467,0
DA:1468,0
DA:1471,11
DA:1472,11
DA:1473,11
DA:1476,0
DA:1477,0
DA:1481,2
DA:1482,0
DA:1484,2
DA:1486,0
DA:1487,0
DA:1490,2
DA:1491,0
DA:1496,2
DA:1501,2
DA:1504,2
DA:1506,2
DA:1507,1
DA:1510,1
DA:1513,1
DA:1515,1
DA:1516,1
DA:1519,1
DA:1524,1
DA:1528,1
DA:1530,1
DA:1533,0
DA:1545,0
DA:1547,0
DA:1548,0
DA:1549,0
DA:1552,0
DA:1553,0
DA:1562,0
DA:1563,0
DA:1564,0
DA:1567,0
DA:1568,0
DA:1569,0
DA:1572,0
DA:1573,0
DA:1578,0
DA:1579,0
DA:1580,0
DA:1584,0
DA:1586,0
DA:1589,0
DA:1590,0
DA:1591,0
DA:1594,0
DA:1596,0
DA:1597,0
DA:1598,0
DA:1602,0
DA:1603,0
DA:1605,0
DA:1608,0
DA:1611,3
DA:1620,3
DA:1622,3
DA:1623,1
DA:1624,1
DA:1628,2
DA:1629,2
DA:1635,2
DA:1636,0
DA:1637,0
DA:1640,2
DA:1642,2
DA:1643,1
DA:1645,0
DA:1646,0
DA:1647,0
DA:1651,1
DA:1652,1
DA:1656,1
DA:1659,0
DA:1662,0
DA:1663,0
DA:1665,0
DA:1668,0
DA:1672,0
DA:1673,0
DA:1679,12
DA:1686,12
DA:1688,12
DA:1689,1
DA:1692,1
DA:1696,11
DA:1701,11
DA:1702,0
DA:1705,0
DA:1707,0
DA:1712,11
DA:1713,0
DA:1718,0
DA:1719,0
DA:1720,0
DA:1724,11
DA:1725,4
DA:1726,4
DA:1728,1
DA:1729,1
DA:1731,4
DA:1732,4
DA:1734,2
DA:1736,2
DA:1737,1
DA:1740,1
DA:1744,1
DA:1745,1
DA:1746,1
DA:1747,1
DA:1749,0
DA:1750,0
DA:1755,0
DA:1758,0
DA:1765,0
DA:1767,0
DA:1768,0
DA:1769,0
DA:1772,0
DA:1773,0
DA:1775,0
DA:1776,0
DA:1779,0
DA:1781,0
LF:633
LH:385
end_of_record
TN:
SF:/home/runner/work/dlt-daemon/dlt-daemon/src/lib/dlt_client.c
FN:104,dlt_client_register_message_callback
FN:109,dlt_client_register_fetch_next_message_callback
FN:114,dlt_client_init_port
FN:140,dlt_client_init
FN:173,dlt_client_connect
FN:478,dlt_client_cleanup
FN:518,dlt_client_main_loop
FN:585,dlt_client_send_message_to_socket
FN:627,dlt_client_send_ctrl_msg
FN:781,dlt_client_send_inject_msg
FN:816,dlt_client_send_log_level
FN:848,dlt_client_get_log_info
FN:879,dlt_client_get_default_log_level
FN:907,dlt_client_get_software_version
FN:931,dlt_client_send_trace_status
FN:958,dlt_client_send_default_log_level
FN:983,dlt_client_send_all_log_level
FN:1008,dlt_client_send_default_trace_status
FN:1033,dlt_client_send_all_trace_status
FN:1065,dlt_client_send_timing_pakets
FN:1089,dlt_client_send_store_config
FN:1102,dlt_client_send_reset_to_factory_default
FN:1115,dlt_client_setbaudrate
FN:1125,dlt_client_set_mode
FN:1135,dlt_client_set_server_ip
FN:1147,dlt_client_set_host_if_address
FN:1159,dlt_client_set_serial_device
FN:1171,dlt_client_set_socket_path
FN:1188,dlt_client_free_calloc_failed_get_log_info
FN:1220,dlt_client_parse_get_log_info_resp_text
FN:1374,dlt_client_cleanup_get_log_info
FNDA:0,dlt_client_set_serial_device
FNDA:0,dlt_client_send_trace_status
FNDA:0,dlt_client_free_calloc_failed_get_log_info
FNDA:1,dlt_client_get_default_log_level
FNDA:2,dlt_client_send_message_to_socket
FNDA:0,dlt_client_send_store_config
FNDA:5,dlt_client_cleanup
FNDA:10,dlt_client_send_ctrl_msg
FNDA:2,dlt_client_cleanup_get_log_info
FNDA:0,dlt_client_setbaudrate
FNDA:0,dlt_client_register_fetch_next_message_callback
FNDA:0,dlt_client_send_all_trace_status
FNDA:4,dlt_client_get_log_info
FNDA:0,dlt_client_send_default_trace_status
FNDA:0,dlt_client_send_all_log_level
FNDA:0,dlt_client_set_mode
FNDA:1,dlt_client_send_log_level
FNDA:0,dlt_client_set_host_if_address
FNDA:3,dlt_client_init
FNDA:0,dlt_client_send_inject_msg
FNDA:0,dlt_client_set_socket_path
FNDA:8,dlt_client_init_port
FNDA:0,dlt_client_send_timing_pakets
FNDA:6,dlt_client_set_server_ip
FNDA:3,dlt_client_register_message_callback
FNDA:9,dlt_client_connect
FNDA:3,dlt_client_main_loop
FNDA:4,dlt_client_get_software_version
FNDA:0,dlt_client_send_default_log_level
FNDA:2,dlt_client_parse_get_log_info_resp_text
FNDA:0,dlt_client_send_reset_to_factory_default
FNF:31
FNH:15
DA:104,3
DA:106,3
DA:107,3
DA:109,0
DA:111,0
DA:112,0
DA:114,8
DA:116,8
DA:117,0
DA:122,8
DA:125,8
DA:126,8
DA:127,8
DA:128,8
DA:129,8
DA:130,8
DA:131,8
DA:132,8
DA:133,8
DA:134,8
DA:135,8
DA:137,8
DA:140,3
DA:148,3
DA:150,3
DA:153,0
DA:154,0
DA:158,0
DA:161,0
DA:165,3
DA:166,0
DA:170,3
DA:173,9
DA:175,9
DA:176,9
DA:186,9
DA:190,9
DA:192,9
DA:195,9
DA:196,7
DA:197,7
DA:199,7
DA:200,0
DA:204,3
DA:207,11
DA:208,8
DA:209,0
DA:212,0
DA:213,0
DA:217,8
DA:219,0
DA:221,0
DA:222,0
DA:223,0
DA:226,8
DA:227,8
DA:228,8
DA:229,8
DA:231,8
DA:232,0
DA:234,0
DA:235,0
DA:237,16
DA:238,8
DA:240,8
DA:241,4
DA:242,4
DA:243,4
DA:244,0
DA:247,0
DA:248,0
DA:253,4
DA:254,4
DA:258,0
DA:259,0
DA:260,0
DA:265,0
DA:266,0
DA:273,7
DA:275,7
DA:276,3
DA:280,3
DA:283,4
DA:284,1
DA:292,6
DA:293,0
DA:295,0
DA:297,0
DA:298,0
DA:302,0
DA:305,0
DA:308,0
DA:309,0
DA:313,0
DA:314,0
DA:322,0
DA:323,0
DA:327,0
DA:329,0
DA:332,0
DA:333,0
DA:341,2
DA:343,2
DA:344,0
DA:347,0
DA:349,0
DA:353,2
DA:354,2
DA:356,2
DA:359,0
DA:362,0
DA:364,0
DA:367,2
DA:368,0
DA:373,0
DA:379,0
DA:381,0
DA:383,0
DA:386,0
DA:388,0
DA:392,0
DA:394,0
DA:397,0
DA:399,0
DA:402,0
DA:403,0
DA:405,0
DA:408,0
DA:410,0
DA:413,0
DA:415,0
DA:418,0
DA:419,0
DA:421,0
DA:423,0
DA:425,0
DA:429,0
DA:432,0
DA:433,0
DA:435,0
DA:436,0
DA:437,0
DA:439,0
DA:444,0
DA:447,0
DA:449,0
DA:452,0
DA:454,0
DA:456,0
DA:461,0
DA:462,0
DA:467,0
DA:470,6
DA:471,0
DA:472,0
DA:478,5
DA:482,5
DA:483,0
DA:485,5
DA:488,5
DA:489,5
DA:491,5
DA:492,0
DA:496,5
DA:497,0
DA:498,0
DA:501,5
DA:502,3
DA:503,3
DA:506,5
DA:507,2
DA:508,2
DA:511,5
DA:512,0
DA:513,0
DA:518,3
DA:523,3
DA:526,3
DA:530,413
DA:532,413
DA:534,413
DA:536,3
DA:539,3
DA:542,618
DA:543,618
DA:545,618
DA:548,208
DA:549,208
DA:551,208
DA:552,0
DA:553,0
DA:557,0
DA:558,0
DA:561,208
DA:562,208
DA:565,0
DA:566,0
DA:570,410
DA:572,0
DA:573,0
DA:575,410
DA:576,0
DA:579,0
DA:580,0
DA:585,2
DA:589,2
DA:590,2
DA:592,0
DA:593,0
DA:596,2
DA:598,0
DA:600,0
DA:602,0
DA:603,0
DA:604,0
DA:608,4
DA:610,2
DA:611,2
DA:613,0
DA:614,0
DA:617,2
DA:618,2
DA:620,0
DA:621,0
DA:627,10
DA:636,10
DA:640,10
DA:644,10
DA:646,10
DA:647,0
DA:648,0
DA:651,10
DA:652,10
DA:653,10
DA:656,10
DA:657,0
DA:658,0
DA:662,10
DA:665,10
DA:667,10
DA:668,0
DA:669,0
DA:673,10
DA:674,10
DA:680,10
DA:683,10
DA:685,10
DA:688,10
DA:689,0
DA:690,0
DA:694,10
DA:696,10
DA:697,10
DA:699,10
DA:701,10
DA:703,19
DA:704,19
DA:707,10
DA:710,10
DA:712,10
DA:714,10
DA:715,0
DA:719,0
DA:721,0
DA:724,10
DA:727,10
DA:729,10
DA:731,0
DA:732,0
DA:734,0
DA:735,0
DA:736,0
DA:739,10
DA:740,10
DA:742,10
DA:743,0
DA:744,0
DA:745,0
DA:748,10
DA:750,10
DA:751,0
DA:752,0
DA:753,0
DA:756,10
DA:757,10
DA:759,10
DA:766,0
DA:768,0
DA:769,0
DA:770,0
DA:775,10
DA:776,0
DA:781,0
DA:791,0
DA:793,0
DA:799,0
DA:801,0
DA:804,0
DA:806,0
DA:807,0
DA:810,0
DA:812,0
DA:816,1
DA:821,1
DA:824,1
DA:826,1
DA:829,1
DA:830,1
DA:831,1
DA:832,1
DA:833,1
DA:836,1
DA:843,1
DA:845,1
DA:848,4
DA:853,4
DA:856,4
DA:858,4
DA:861,4
DA:862,4
DA:863,4
DA:864,4
DA:865,4
DA:868,4
DA:874,4
DA:876,4
DA:879,1
DA:884,1
DA:888,1
DA:890,1
DA:893,1
DA:896,1
DA:902,1
DA:904,1
DA:907,4
DA:912,4
DA:915,4
DA:917,4
DA:920,4
DA:926,4
DA:928,4
DA:931,0
DA:935,0
DA:937,0
DA:940,0
DA:941,0
DA:942,0
DA:943,0
DA:944,0
DA:947,0
DA:949,0
DA:950,0
DA:953,0
DA:955,0
DA:958,0
DA:962,0
DA:964,0
DA:967,0
DA:968,0
DA:969,0
DA:972,0
DA:974,0
DA:975,0
DA:978,0
DA:980,0
DA:983,0
DA:987,0
DA:989,0
DA:992,0
DA:993,0
DA:994,0
DA:997,0
DA:999,0
DA:1000,0
DA:1003,0
DA:1005,0
DA:1008,0
DA:1012,0
DA:1014,0
DA:1017,0
DA:1018,0
DA:1019,0
DA:1022,0
DA:1024,0
DA:1025,0
DA:1028,0
DA:1030,0
DA:1033,0
DA:1037,0
DA:1038,0
DA:1039,0
DA:1042,0
DA:1044,0
DA:1045,0
DA:1046,0
DA:1049,0
DA:1050,0
DA:1051,0
DA:1054,0
DA:1056,0
DA:1057,0
DA:1060,0
DA:1062,0
DA:1065,0
DA:1069,0
DA:1071,0
DA:1074,0
DA:1075,0
DA:1078,0
DA:1080,0
DA:1081,0
DA:1084,0
DA:1086,0
DA:1089,0
DA:1093,0
DA:1096,0
DA:1097,0
DA:1102,0
DA:1106,0
DA:1109,0
DA:1110,0
DA:1115,0
DA:1117,0
DA:1120,0
DA:1122,0
DA:1125,0
DA:1127,0
DA:1130,0
DA:1131,0
DA:1135,6
DA:1137,6
DA:1139,6
DA:1140,0
DA:1141,0
DA:1147,0
DA:1149,0
DA:1151,0
DA:1152,0
DA:1153,0
DA:1159,0
DA:1161,0
DA:1163,0
DA:1164,0
DA:1165,0
DA:1171,0
DA:1173,0
DA:1175,0
DA:1176,0
DA:1177,0
DA:1188,0
DA:1196,0
DA:1197,0
DA:1199,0
DA:1200,0
DA:1202,0
DA:1203,0
DA:1206,0
DA:1207,0
DA:1209,0
DA:1210,0
DA:1213,0
DA:1214,0
DA:1215,0
DA:1217,0
DA:1220,2
DA:1228,2
DA:1230,2
DA:1254,2
DA:1258,2
DA:1260,0
DA:1261,0
DA:1265,0
DA:1266,0
DA:1271,0
DA:1276,0
DA:1280,2
DA:1281,2
DA:1282,2
DA:1284,2
DA:1285,2
DA:1287,2
DA:1288,0
DA:1289,0
DA:1290,0
DA:1293,5
DA:1294,3
DA:1296,3
DA:1299,3
DA:1300,3
DA:1301,3
DA:1303,3
DA:1304,3
DA:1306,3
DA:1307,0
DA:1309,0
DA:1310,0
DA:1313,9
DA:1314,6
DA:1316,6
DA:1318,6
DA:1322,6
DA:1323,6
DA:1327,6
DA:1328,6
DA:1332,6
DA:1333,6
DA:1335,6
DA:1336,6
DA:1338,6
DA:1339,0
DA:1340,0
DA:1341,0
DA:1344,6
DA:1352,3
DA:1353,3
DA:1355,3
DA:1356,3
DA:1358,3
DA:1359,0
DA:1360,0
DA:1361,0
DA:1364,3
DA:1374,2
DA:1380,2
DA:1383,5
DA:1384,3
DA:1386,9
DA:1387,6
DA:1388,6
DA:1391,3
DA:1393,3
DA:1397,2
DA:1400,2
DA:1403,2
LF:534
LH:240
end_of_record
TN:
SF:/home/runner/work/dlt-daemon/dlt-daemon/src/lib/dlt_env_ll.c
FN:58,dlt_env_extract_id
FN:90,dlt_env_helper_to_lower
FN:126,dlt_env_extract_symbolic_ll
FN:198,dlt_env_extract_ll
FN:239,dlt_env_extract_ll_item
FN:284,dlt_env_init_ll_set
FN:307,dlt_env_free_ll_set
FN:329,dlt_env_increase_ll_set
FN:364,dlt_env_extract_ll_set
FN:403,dlt_env_ids_match
FN:436,dlt_env_ll_item_get_matching_prio
FN:471,dlt_env_adjust_ll_from_env
FNDA:0,dlt_env_extract_symbolic_ll
FNDA:0,dlt_env_increase_ll_set
FNDA:4756,dlt_env_free_ll_set
FNDA:0,dlt_env_extract_ll
FNDA:205,dlt_env_adjust_ll_from_env
FNDA:0,dlt_env_ids_match
FNDA:0,dlt_env_ll_item_get_matching_prio
FNDA:0,dlt_env_extract_ll_item
FNDA:0,dlt_env_init_ll_set
FNDA:0,dlt_env_helper_to_lower
FNDA:0,dlt_env_extract_id
FNDA:0,dlt_env_extract_ll_set
FNF:12
FNH:2
DA:58,0
DA:62,0
DA:66,0
DA:72,0
DA:73,0
DA:77,0
DA:78,0
DA:90,0
DA:95,0
DA:99,0
DA:103,0
DA:105,0
DA:106,0
DA:107,0
DA:109,0
DA:112,0
DA:113,0
DA:116,0
DA:118,0
DA:121,0
DA:126,0
DA:127,0
DA:130,0
DA:134,0
DA:138,0
DA:139,0
DA:140,0
DA:141,0
DA:142,0
DA:143,0
DA:144,0
DA:145,0
DA:146,0
DA:147,0
DA:148,0
DA:149,0
DA:150,0
DA:151,0
DA:152,0
DA:153,0
DA:154,0
DA:159,0
DA:160,0
DA:163,0
DA:198,0
DA:200,0
DA:204,0
DA:209,0
DA:210,0
DA:212,0
DA:213,0
DA:214,0
DA:217,0
DA:218,0
DA:219,0
DA:220,0
DA:226,0
DA:227,0
DA:239,0
DA:243,0
DA:247,0
DA:252,0
DA:254,0
DA:258,0
DA:259,0
DA:261,0
DA:265,0
DA:266,0
DA:268,0
DA:269,0
DA:284,0
DA:286,0
DA:290,0
DA:291,0
DA:293,0
DA:295,0
DA:296,0
DA:299,0
DA:300,0
DA:307,4756
DA:309,4756
DA:313,4756
DA:314,0
DA:315,0
DA:318,4756
DA:319,4756
DA:329,0
DA:334,0
DA:338,0
DA:339,0
DA:341,0
DA:342,0
DA:344,0
DA:346,0
DA:347,0
DA:349,0
DA:350,0
DA:351,0
DA:364,0
DA:366,0
DA:370,0
DA:374,0
DA:379,0
DA:380,0
DA:385,0
DA:389,0
DA:390,0
DA:392,0
DA:403,0
DA:405,0
DA:409,0
DA:413,0
DA:417,0
DA:418,0
DA:436,0
DA:440,0
DA:444,0
DA:445,0
DA:447,0
DA:448,0
DA:450,0
DA:451,0
DA:453,0
DA:454,0
DA:471,205
DA:476,205
DA:484,205
DA:485,0
DA:487,0
DA:489,0
DA:491,0
DA:492,0
LF:132
LH:8
end_of_record
TN:
SF:/home/runner/work/dlt-daemon/dlt-daemon/src/lib/dlt_filetransfer.c
FN:84,getFilesize
FN:103,stringHash
FN:129,getFileSerialNumber
FN:155,getFileCreationDate
FN:175,getFileCreationDate2
FN:196,isFile
FN:206,doTimeout
FN:218,checkUserBufferForFreeSpace
FN:236,doRemoveFile
FN:241,dlt_user_log_file_errorMessage
FN:306,dlt_user_log_file_infoAbout
FN:369,dlt_user_log_file_complete
FN:404,dlt_user_log_file_packagesCount
FN:454,dlt_user_log_file_header_alias
FN:516,dlt_user_log_file_header
FN:576,dlt_user_log_file_data
FN:594,dlt_user_log_file_data_cancelable
FN:745,dlt_user_log_file_end
FNDA:0,doRemoveFile
FNDA:0,stringHash
FNDA:0,getFileCreationDate2
FNDA:0,dlt_user_log_file_complete
FNDA:0,dlt_user_log_file_packagesCount
FNDA:0,getFileSerialNumber
FNDA:0,dlt_user_log_file_header
FNDA:0,dlt_user_log_file_data_cancelable
FNDA:0,checkUserBufferForFreeSpace
FNDA:0,getFilesize
FNDA:0,dlt_user_log_file_header_alias
FNDA:0,isFile
FNDA:0,dlt_user_log_file_data
FNDA:0,dlt_user_log_file_errorMessage
FNDA:0,getFileCreationDate
FNDA:0,dlt_user_log_file_infoAbout
FNDA:0,dlt_user_log_file_end
FNDA:0,doTimeout
FNF:18
FNH:0
DA:84,0
DA:88,0
DA:90,0
DA:91,0
DA:94,0
DA:95,0
DA:103,0
DA:105,0
DA:109,0
DA:113,0
DA:117,0
DA:118,0
DA:129,0
DA:134,0
DA:135,0
DA:136,0
DA:138,0
DA:139,0
DA:140,0
DA:141,0
DA:142,0
DA:143,0
DA:146,0
DA:155,0
DA:159,0
DA:160,0
DA:161,0
DA:164,0
DA:165,0
DA:175,0
DA:180,0
DA:181,0
DA:183,0
DA:186,0
DA:187,0
DA:188,0
DA:189,0
DA:196,0
DA:199,0
DA:206,0
DA:209,0
DA:210,0
DA:211,0
DA:212,0
DA:218,0
DA:222,0
DA:224,0
DA:225,0
DA:236,0
DA:238,0
DA:241,0
DA:244,0
DA:245,0
DA:246,0
DA:248,0
DA:249,0
DA:254,0
DA:256,0
DA:257,0
DA:263,0
DA:264,0
DA:266,0
DA:267,0
DA:273,0
DA:275,0
DA:288,0
DA:296,0
DA:306,0
DA:309,0
DA:312,0
DA:314,0
DA:315,0
DA:321,0
DA:323,0
DA:324,0
DA:330,0
DA:331,0
DA:333,0
DA:334,0
DA:340,0
DA:352,0
DA:353,0
DA:369,0
DA:374,0
DA:375,0
[...]
DA:1804,0
DA:1807,4798
DA:1808,4798
DA:1809,4798
DA:1810,4798
DA:1811,4798
DA:1812,4798
DA:1813,4798
DA:1814,4798
DA:1817,4798
DA:1818,0
DA:1819,0
DA:1822,4798
DA:1825,4798
DA:1828,9
DA:1830,9
DA:1833,9
DA:1837,9
DA:1839,9
DA:1843,9
DA:1844,9
DA:1845,9
DA:1846,9
DA:1847,9
DA:1848,9
DA:1849,9
DA:1850,9
DA:1851,9
DA:1853,9
DA:1856,4797
DA:1859,4797
DA:1862,4797
DA:1863,4795
DA:1865,4797
DA:1866,0
DA:1868,4797
DA:1869,4797
DA:1870,4797
DA:1872,4797
DA:1875,9
DA:1878,9
DA:1881,9
DA:1882,0
DA:1884,9
DA:1885,9
DA:1886,9
DA:1888,9
DA:1891,1593
DA:1895,1593
DA:1898,1593
DA:1901,1592
DA:1902,1592
DA:1904,1592
DA:1905,0
DA:1906,0
DA:1907,0
DA:1910,1592
DA:1912,423
DA:1913,423
DA:1914,423
DA:1916,1169
DA:1918,1169
DA:1919,1169
DA:1920,1169
DA:1924,0
DA:1925,0
DA:1926,0
DA:1927,0
DA:1929,0
DA:1933,1592
DA:1934,6
DA:1935,6
DA:1938,1586
DA:1939,1586
DA:1941,1586
DA:1944,6097
DA:1946,6097
DA:1949,6140
DA:1952,6140
DA:1953,0
DA:1954,0
DA:1955,0
DA:1958,6140
DA:1959,263
DA:1961,6097
DA:1964,1587
DA:1966,1587
DA:1969,1587
DA:1972,1587
DA:1973,0
DA:1975,0
DA:1976,0
DA:1980,0
DA:1986,133
DA:1991,133
DA:1994,133
DA:1995,88
DA:1997,133
DA:1998,133
DA:1999,133
DA:2005,133
DA:2006,88
DA:2010,133
DA:2011,0
DA:2012,0
DA:2013,0
DA:2017,133
DA:2020,12103
DA:2027,12103
DA:2034,12103
DA:2038,12103
DA:2039,12103
DA:2040,12103
DA:2041,12103
DA:2043,12103
DA:2049,12103
DA:2050,12103
DA:2053,12103
DA:2056,9
DA:2059,9
DA:2060,1
DA:2064,9
DA:2067,6979
DA:2069,6979
DA:2072,13958
DA:2073,6979
DA:2074,6979
DA:2075,6979
DA:2076,13958
DA:2079,0
DA:2081,0
DA:2087,0
DA:2088,0
DA:2089,0
DA:2090,0
DA:2094,0
DA:2095,0
DA:2096,0
DA:2097,0
DA:2098,0
DA:2101,0
DA:2103,0
DA:2105,0
DA:2107,0
DA:2110,0
DA:2112,0
DA:2116,0
DA:2117,0
DA:2118,0
DA:2119,0
DA:2122,0
DA:2123,0
DA:2125,0
DA:2129,0
DA:2132,4887
DA:2138,4887
DA:2142,4879
DA:2145,4872
DA:2148,4872
DA:2152,4872
DA:2153,4872
DA:2154,4872
DA:2157,4872
DA:2159,4872
DA:2160,0
DA:2163,0
DA:2168,4872
DA:2169,4872
DA:2170,4872
DA:2171,4872
DA:2173,4872
DA:2174,0
DA:2177,0
DA:2180,4872
DA:2182,4872
DA:2187,4872
DA:2189,4872
DA:2192,0
DA:2195,0
DA:2198,0
DA:2200,0
DA:2201,0
DA:2207,4861
DA:2210,4861
DA:2213,4860
DA:2215,0
DA:2216,0
DA:2219,4860
DA:2220,4860
DA:2221,4860
DA:2223,4860
DA:2226,41030
DA:2229,41030
DA:2230,40011
DA:2231,40011
DA:2233,40010
DA:2234,40010
DA:2240,1
DA:2242,1
DA:2243,1
DA:2244,1
DA:2249,0
DA:2253,1019
DA:2255,41030
DA:2257,53
DA:2260,53
DA:2261,37
DA:2263,35
DA:2264,35
DA:2270,2
DA:2272,1
DA:2273,1
DA:2274,1
DA:2279,16
DA:2281,53
DA:2283,858
DA:2285,858
DA:2288,858
DA:2289,0
DA:2294,7
DA:2300,7
DA:2301,1
DA:2302,1
DA:2306,6
DA:2311,6
DA:2316,6
DA:2318,6
DA:2319,0
DA:2322,0
DA:2326,6
DA:2329,6
DA:2330,4
DA:2331,4
DA:2332,4
DA:2333,4
DA:2336,2
DA:2337,2
DA:2338,2
DA:2339,2
DA:2340,2
DA:2344,6
DA:2347,6
DA:2348,6
DA:2349,6
DA:2351,6
DA:2357,6
DA:2360,8
DA:2365,8
DA:2366,1
DA:2367,1
DA:2370,7
DA:2375,0
DA:2377,0
DA:2378,0
DA:2381,0
DA:2385,0
DA:2388,0
DA:2389,0
DA:2390,0
DA:2393,0
DA:2394,0
DA:2395,0
DA:2397,0
DA:2402,0
DA:2404,0
DA:2407,9
DA:2410,9
DA:2411,1
DA:2412,1
DA:2415,8
DA:2417,8
DA:2420,8
DA:2421,8
DA:2422,8
DA:2425,8
DA:2427,8
DA:2430,7516
DA:2432,7516
DA:2435,15284
DA:2448,15284
DA:2451,15216
DA:2453,0
DA:2454,0
DA:2458,15216
DA:2459,15216
DA:2460,15216
DA:2463,15216
DA:2464,0
DA:2467,0
DA:2468,0
DA:2472,15216
DA:2473,0
DA:2474,15216
DA:2477,15216
DA:2480,15220
DA:2482,4
DA:2488,4
DA:2489,4
DA:2492,4
DA:2493,0
DA:2494,4
DA:2497,4
DA:2503,15216
DA:2504,15216
DA:2507,15216
DA:2509,15216
DA:2510,15216
DA:2512,15216
DA:2513,7702
DA:2515,15216
DA:2516,1876
DA:2519,15216
DA:2520,15216
DA:2522,15216
DA:2526,64
DA:2530,64
DA:2534,64
DA:2537,47
DA:2539,0
DA:2540,0
DA:2544,47
DA:2545,47
DA:2546,47
DA:2549,47
DA:2550,3
DA:2553,3
DA:2554,3
DA:2558,44
DA:2559,22
DA:2560,1
DA:2563,1
DA:2566,22
DA:2570,22
DA:2571,21
DA:2573,1
DA:2576,22
DA:2577,1
DA:2580,1
DA:2581,1
DA:2585,21
DA:2588,21
DA:2589,1
DA:2590,1
DA:2591,1
DA:2594,20
DA:2595,0
DA:2596,0
DA:2597,0
DA:2601,20
DA:2602,1
DA:2605,1
DA:2606,1
DA:2610,19
DA:2611,1
DA:2617,19
DA:2619,14
DA:2621,14
DA:2623,3
DA:2626,5
DA:2628,5
DA:2629,5
DA:2631,0
DA:2635,19
DA:2636,8
DA:2638,8
DA:2640,5
DA:2643,19
DA:2646,8
DA:2648,8
DA:2651,13
DA:2653,13
DA:2656,7
DA:2658,7
DA:2661,2
DA:2664,2
DA:2665,1
DA:2666,1
DA:2669,1
DA:2671,1
DA:2674,2
DA:2679,2
DA:2680,1
DA:2681,1
DA:2685,1
DA:2688,1
DA:2689,1
DA:2690,1
DA:2692,1
DA:2697,3
DA:2700,3
DA:2703,2
DA:2706,2503
DA:2711,2503
DA:2715,2502
DA:2718,2502
DA:2719,2502
DA:2720,2502
DA:2722,2502
DA:2725,2501
DA:2726,2501
DA:2728,0
DA:2731,8529
DA:2734,8529
DA:2738,8529
DA:2741,8529
DA:2746,0
DA:2751,0
DA:2754,0
DA:2763,0
DA:2775,0
DA:2781,0
DA:2787,0
DA:2788,0
DA:2793,0
DA:2794,0
DA:2799,0
DA:2800,0
DA:2804,0
DA:2805,0
DA:2813,0
DA:2818,0
DA:2824,0
DA:2827,0
DA:2829,0
DA:2832,0
DA:2834,0
DA:2837,0
DA:2839,0
DA:2842,0
DA:2844,0
DA:2847,0
DA:2849,0
DA:2852,0
DA:2854,0
DA:2857,0
DA:2859,0
DA:2862,0
DA:2864,0
DA:2867,0
DA:2869,0
DA:2872,0
DA:2874,0
DA:2877,0
DA:2879,0
DA:2882,0
DA:2884,0
DA:2887,0
DA:2889,0
DA:2892,0
DA:2894,0
DA:2897,0
DA:2899,0
DA:2902,0
DA:2905,0
DA:2908,0
DA:2910,0
DA:2913,0
DA:2915,0
DA:2918,0
DA:2920,0
DA:2923,0
DA:2925,0
DA:2928,0
DA:2930,0
DA:2933,0
DA:2935,0
DA:2938,0
DA:2940,0
DA:2943,0
DA:2945,0
DA:2948,0
DA:2950,0
DA:2953,0
DA:2955,0
DA:2958,0
DA:2960,0
DA:2963,0
DA:2965,0
DA:2968,0
DA:2971,0
DA:2974,0
DA:2978,0
DA:2986,22
DA:2988,22
DA:2989,0
DA:2990,0
DA:3011,9
DA:3013,9
DA:3014,0
DA:3015,0
DA:3021,9
DA:3023,9
DA:3024,0
DA:3025,0
DA:3032,6300
DA:3042,6300
DA:3043,6300
DA:3051,328
DA:3053,328
DA:3056,316
DA:3058,316
DA:3060,316
DA:3063,328
DA:3065,328
DA:3068,316
DA:3070,316
DA:3072,316
DA:3074,316
DA:3076,316
DA:3079,328
DA:3081,328
DA:3084,316
DA:3086,316
DA:3088,316
DA:3090,316
DA:3092,316
DA:3095,328
DA:3097,328
DA:3100,316
DA:3102,316
DA:3104,316
DA:3106,316
DA:3108,316
DA:3111,328
DA:3113,328
DA:3116,316
DA:3118,316
DA:3120,316
DA:3123,316
DA:3125,316
DA:3128,3551
DA:3138,3551
DA:3153,3536
DA:3154,3536
DA:3155,3536
DA:3156,3536
DA:3172,3536
DA:3173,1549
DA:3175,1549
DA:3176,1549
DA:3178,1549
DA:3181,1549
DA:3184,0
DA:3187,1549
DA:3188,0
DA:3190,0
DA:3193,0
DA:3195,0
DA:3198,0
DA:3200,0
DA:3201,0
DA:3202,0
DA:3203,0
DA:3207,0
DA:3208,0
DA:3211,1549
DA:3213,1549
DA:3216,1987
DA:3219,112
DA:3220,0
DA:3222,0
DA:3225,0
DA:3227,0
DA:3230,0
DA:3232,0
DA:3233,0
DA:3234,0
DA:3235,0
DA:3239,0
DA:3240,0
DA:3244,112
DA:3246,112
DA:3249,110
DA:3251,1875
DA:3253,0
DA:3254,0
DA:3256,0
DA:3257,0
DA:3259,0
DA:3262,0
DA:3263,0
DA:3266,0
DA:3272,0
DA:3273,0
DA:3275,0
DA:3276,0
DA:3278,0
DA:3281,0
DA:3282,0
DA:3285,0
DA:3291,1875
DA:3293,0
DA:3294,0
DA:3296,0
DA:3299,0
DA:3302,0
DA:3303,0
DA:3305,0
DA:3308,0
DA:3311,0
DA:3312,0
DA:3314,0
DA:3320,0
DA:3321,0
DA:3322,0
DA:3324,0
DA:3328,0
DA:3329,0
DA:3331,0
DA:3334,0
DA:3335,0
DA:3338,1875
DA:3341,1748
DA:3342,0
DA:3344,0
DA:3347,0
DA:3348,0
DA:3350,0
DA:3353,0
DA:3355,0
DA:3358,0
DA:3360,0
DA:3361,0
DA:3362,0
DA:3363,0
DA:3367,0
DA:3368,0
DA:3370,0
DA:3375,0
DA:3377,0
DA:3378,0
DA:3381,1748
DA:3382,0
DA:3384,0
DA:3387,0
DA:3388,0
DA:3392,0
DA:3395,0
DA:3396,0
DA:3397,0
DA:3399,0
DA:3401,0
DA:3404,0
DA:3405,0
DA:3406,0
DA:3408,0
DA:3410,0
DA:3413,0
DA:3414,0
DA:3415,0
DA:3424,1748
DA:3425,14
DA:3427,14
DA:3429,7
DA:3431,7
DA:3434,7
DA:3438,7
DA:3440,7
DA:3443,7
DA:3448,21
DA:3450,21
DA:3453,7
DA:3455,7
DA:3458,7
DA:3459,7
DA:3464,14
DA:3466,14
DA:3469,14
DA:3470,14
DA:3475,1699
DA:3477,1699
DA:3480,287
DA:3482,287
DA:3485,287
DA:3491,1412
DA:3493,1412
DA:3496,1412
DA:3502,14
DA:3504,14
DA:3507,7
DA:3509,7
DA:3512,7
DA:3522,7
DA:3524,7
DA:3527,7
DA:3537,0
DA:3539,0
DA:3540,0
DA:3542,0
DA:3545,0
DA:3546,0
DA:3547,0
DA:3555,127
DA:3558,14
DA:3559,0
DA:3561,0
DA:3564,0
DA:3565,0
DA:3567,0
DA:3570,0
DA:3572,0
DA:3575,0
DA:3577,0
DA:3578,0
DA:3579,0
DA:3580,0
DA:3584,0
DA:3585,0
DA:3587,0
DA:3592,0
DA:3594,0
DA:3595,0
DA:3598,14
DA:3599,0
DA:3601,0
DA:3602,0
DA:3604,0
DA:3607,0
DA:3608,0
DA:3609,0
DA:3611,0
DA:3613,0
DA:3614,0
DA:3616,0
DA:3619,0
DA:3620,0
DA:3621,0
DA:3630,7
DA:3632,7
DA:3637,7
DA:3639,7
DA:3655,7
DA:3657,7
DA:3662,7
DA:3677,0
DA:3679,0
DA:3680,0
DA:3682,0
DA:3685,0
DA:3686,0
DA:3687,0
DA:3695,113
DA:3698,112
DA:3700,112
DA:3703,110
DA:3705,110
DA:3706,0
DA:3708,0
DA:3711,0
DA:3713,0
DA:3716,0
DA:3718,0
DA:3719,0
DA:3720,0
DA:3721,0
DA:3725,0
DA:3726,0
DA:3729,110
DA:3732,9
DA:3734,9
DA:3735,9
DA:3737,1
DA:3740,0
DA:3742,0
DA:3745,0
DA:3747,0
DA:3749,0
DA:3756,3430
DA:3757,0
DA:3758,0
DA:3762,3430
DA:3763,0
DA:3765,0
DA:3767,0
DA:3768,0
DA:3776,4756
DA:3778,4756
DA:3780,4756
DA:3781,0
DA:3783,4756
DA:3785,4756
DA:3786,0
DA:3788,0
DA:3789,0
DA:3792,4756
DA:3794,4756
DA:3795,0
DA:3797,0
DA:3798,0
DA:3802,4756
DA:3804,4756
DA:3805,0
DA:3807,4756
DA:3818,4756
DA:3820,2
DA:3828,2
DA:3834,2
DA:3836,2
DA:3837,2
DA:3839,2
DA:3840,2
DA:3841,2
DA:3842,2
DA:3848,14
DA:3850,14
DA:3853,14
DA:3859,14
DA:3860,14
DA:3861,14
DA:3862,14
DA:3864,14
DA:3866,14
DA:3869,12
DA:3871,12
DA:3874,12
DA:3880,12
DA:3881,12
DA:3883,12
DA:3885,12
DA:3888,11
DA:3890,11
DA:3896,11
DA:3897,11
DA:3899,11
DA:3902,20
DA:3904,20
DA:3908,20
DA:3914,289
DA:3915,269
DA:3916,269
DA:3917,269
DA:3918,269
DA:3924,0
DA:3926,0
DA:3928,0
DA:3933,0
DA:3934,0
DA:3935,0
DA:3940,0
DA:3941,0
DA:3944,0
DA:3946,0
DA:3949,0
DA:3951,0
DA:3956,0
DA:3961,0
DA:3963,0
DA:3966,0
DA:3970,0
DA:3974,3
DA:3977,3
DA:3979,3
DA:3981,3
DA:3984,1
DA:3986,1
DA:3987,0
DA:3988,0
DA:3991,106
DA:3993,105
DA:3994,0
DA:3997,105
DA:3999,105
DA:4002,105
DA:4004,105
DA:4007,105
DA:4009,105
DA:4012,105
DA:4014,0
DA:4016,0
DA:4017,0
DA:4020,105
DA:4023,105
DA:4028,105
DA:4031,105
DA:4037,105
DA:4038,105
DA:4040,105
DA:4042,105
DA:4045,1
DA:4046,1
DA:4050,0
DA:4055,0
DA:4057,0
DA:4061,0
DA:4063,0
DA:4065,0
DA:4068,0
DA:4069,0
DA:4071,0
DA:4073,0
DA:4074,0
DA:4076,0
DA:4079,0
DA:4081,0
DA:4084,0
DA:4087,0
DA:4088,0
DA:4090,0
DA:4091,0
DA:4092,0
DA:4095,0
DA:4099,0
DA:4101,0
DA:4103,0
DA:4107,0
DA:4108,0
DA:4112,0
DA:4113,0
DA:4116,5
DA:4118,5
DA:4119,0
DA:4120,0
DA:4123,5
DA:4124,5
DA:4127,6
DA:4128,6
DA:4130,6
DA:4131,6
DA:4132,5
DA:4133,5
DA:4135,5
DA:4136,5
DA:4137,5
LF:1625
LH:1003
end_of_record
TN:
SF:/home/runner/work/dlt-daemon/dlt-daemon/src/shared/dlt_config_file_parser.c
FN:52,dlt_config_file_trim_line
FN:96,dlt_config_file_is_section_name
FN:122,dlt_config_file_set_section
FN:172,dlt_config_file_set_section_data
FN:252,dlt_config_file_get_section_name_from_string
FN:282,dlt_config_file_get_key_value
FN:322,dlt_config_file_read_line
FN:355,dlt_config_file_read_file
FN:408,dlt_config_file_find_section
FN:429,dlt_config_file_init
FN:463,dlt_config_file_release
FN:492,dlt_config_file_get_section_name
FN:505,dlt_config_file_get_num_sections
FN:519,dlt_config_file_get_value
FN:556,dlt_config_file_check_section_name_exists
FNDA:14,dlt_config_file_init
FNDA:40,dlt_config_file_set_section
FNDA:339,dlt_config_file_set_section_data
FNDA:14,dlt_config_file_read_file
FNDA:379,dlt_config_file_read_line
FNDA:14,dlt_config_file_release
FNDA:40,dlt_config_file_is_section_name
FNDA:379,dlt_config_file_trim_line
FNDA:40,dlt_config_file_get_section_name_from_string
FNDA:536,dlt_config_file_get_value
FNDA:40,dlt_config_file_get_section_name
FNDA:339,dlt_config_file_get_key_value
FNDA:4,dlt_config_file_check_section_name_exists
FNDA:540,dlt_config_file_find_section
FNDA:14,dlt_config_file_get_num_sections
FNF:15
FNH:15
DA:52,379
DA:54,379
DA:60,6683
DA:61,6304
DA:63,6304
DA:64,5925
DA:67,379
DA:80,406
DA:96,40
DA:100,40
DA:103,179
DA:104,139
DA:106,139
DA:122,40
DA:124,40
DA:127,40
DA:128,0
DA:129,0
DA:133,40
DA:134,0
DA:135,0
DA:138,40
DA:141,40
DA:143,40
DA:144,0
DA:145,0
DA:148,40
DA:150,40
DA:151,0
DA:152,0
DA:153,0
DA:154,0
DA:158,40
DA:159,40
DA:172,339
DA:176,339
DA:179,339
DA:180,339
DA:182,339
DA:183,0
DA:184,0
DA:188,339
DA:190,339
DA:192,40
DA:194,40
DA:195,0
DA:196,0
DA:199,40
DA:202,299
DA:204,1589
DA:205,1290
DA:208,299
DA:210,299
DA:211,0
DA:212,0
DA:216,339
DA:217,339
DA:218,339
DA:220,339
DA:222,339
DA:237,379
DA:252,40
DA:257,40
DA:260,386
DA:261,386
DA:262,40
DA:263,346
DA:266,306
DA:282,339
DA:288,339
DA:291,339
DA:293,339
DA:295,339
DA:300,339
DA:302,339
DA:304,339
DA:309,339
DA:322,379
DA:324,379
DA:334,40
DA:337,40
DA:341,339
DA:342,0
DA:355,14
DA:358,14
DA:359,14
DA:360,14
DA:365,434
DA:366,406
DA:369,27
DA:370,27
DA:373,379
DA:376,379
DA:378,379
DA:379,40
DA:382,40
DA:386,339
DA:388,339
DA:389,339
DA:392,0
DA:393,0
DA:397,14
DA:408,540
DA:413,540
DA:414,0
DA:415,0
DA:418,2490
DA:419,2486
DA:421,2486
DA:422,536
DA:429,14
DA:434,14
DA:435,0
DA:436,0
DA:439,14
DA:441,14
DA:442,0
DA:443,0
DA:446,14
DA:449,14
DA:450,0
DA:451,0
DA:452,0
DA:455,14
DA:458,14
DA:460,14
DA:463,14
DA:467,14
DA:468,14
DA:470,54
DA:471,40
DA:472,40
DA:473,40
DA:475,40
DA:476,40
DA:478,379
DA:480,339
DA:481,339
DA:482,339
DA:483,339
DA:487,14
DA:488,14
DA:490,14
DA:492,40
DA:496,40
DA:499,40
DA:500,40
DA:502,40
DA:505,14
DA:507,14
DA:514,14
DA:516,14
DA:519,536
DA:527,536
DA:533,536
DA:535,536
DA:538,536
DA:540,536
DA:542,3465
DA:543,3264
DA:544,335
DA:545,335
DA:548,2929
DA:552,201
DA:553,201
DA:556,4
DA:561,4
DA:564,4
DA:565,4
DA:566,4
LF:170
LH:142
end_of_record
TN:
SF:/home/runner/work/dlt-daemon/dlt-daemon/src/shared/dlt_log.c
FN:55,dlt_log_set_filename
FN:67,dlt_log_set_level
FN:80,dlt_log_init
FN:86,dlt_log_init_multiple_logfiles_support
FN:116,dlt_log_init_single_logfile
FN:129,dlt_log_init_multiple_logfiles
FN:164,dlt_user_printf
FN:191,dlt_log
FN:267,dlt_vlog
FN:288,dlt_vnlog
FN:315,dlt_log_multiple_files_write
FN:325,dlt_log_free
FN:336,dlt_log_free_single_logfile
FN:343,dlt_log_free_multiple_logfiles
FN:351,dlt_is_log_in_multiple_files_active
FNDA:17,dlt_log_set_filename
FNDA:1851567,dlt_log
FNDA:15,dlt_log_free
FNDA:37,dlt_is_log_in_multiple_files_active
FNDA:3,dlt_log_free_multiple_logfiles
FNDA:2852,dlt_user_printf
FNDA:2,dlt_log_free_single_logfile
FNDA:1866040,dlt_vlog
FNDA:4750,dlt_vnlog
FNDA:4,dlt_log_init_single_logfile
FNDA:26,dlt_log_init_multiple_logfiles_support
FNDA:12,dlt_log_multiple_files_write
FNDA:19,dlt_log_set_level
FNDA:12,dlt_log_init
FNDA:4,dlt_log_init_multiple_logfiles
FNF:15
FNH:15
DA:55,17
DA:58,17
DA:59,1
DA:60,1
DA:64,16
DA:67,19
DA:69,19
DA:70,0
DA:71,0
DA:73,0
DA:76,19
DA:78,19
DA:80,12
DA:82,12
DA:83,12
DA:86,26
DA:89,26
DA:90,0
DA:91,0
DA:94,26
DA:96,26
DA:101,7
DA:102,4
DA:103,4
DA:104,4
DA:105,1
DA:106,1
DA:109,3
DA:110,3
DA:116,4
DA:119,4
DA:120,4
DA:122,4
DA:123,0
DA:124,0
DA:129,4
DA:133,4
DA:135,4
DA:136,4
DA:139,4
DA:141,4
DA:143,4
DA:145,3
DA:146,3
DA:148,3
DA:158,3
DA:164,2852
DA:166,2852
DA:169,2852
DA:173,2852
DA:174,8
DA:179,8
DA:180,8
DA:181,2844
DA:182,2844
DA:183,2844
DA:186,2852
DA:188,2852
DA:191,1851567
DA:200,1851567
DA:203,1851566
DA:206,1850632
DA:209,1850632
DA:211,1850632
DA:212,511
DA:214,1022
DA:215,511
DA:216,511
DA:218,511
DA:220,511
DA:221,511
DA:222,1850084
DA:224,3700168
DA:225,1850084
DA:226,1850084
DA:228,1850084
DA:231,0
DA:234,0
DA:235,0
DA:237,0
DA:238,0
DA:240,0
DA:242,0
DA:244,0
DA:245,32
DA:248,32
DA:249,24
DA:250,12
DA:252,20
DA:253,40
DA:254,20
DA:255,20
DA:267,1866040
DA:269,1866040
DA:273,1866040
DA:276,1866040
DA:279,1845808
DA:281,1845808
DA:283,1845808
DA:285,1845808
DA:288,4750
DA:294,4750
DA:297,4750
DA:300,4750
DA:303,4750
DA:305,4750
DA:307,4750
DA:309,4750
DA:312,4750
DA:315,12
DA:317,12
DA:319,12
DA:321,12
DA:322,12
DA:323,12
DA:325,15
DA:327,15
DA:328,5
DA:329,3
DA:331,2
DA:334,15
DA:336,2
DA:338,2
DA:339,2
DA:341,2
DA:343,3
DA:345,3
DA:348,3
DA:351,37
DA:353,37
LF:130
LH:115
end_of_record
TN:
SF:/home/runner/work/dlt-daemon/dlt-daemon/src/shared/dlt_multiple_files.c
FN:44,multiple_files_buffer_storage_dir_info
FN:118,multiple_files_buffer_file_name
FN:134,multiple_files_buffer_get_idx_of_log_file
FN:148,multiple_files_buffer_create_new_file
FN:226,multiple_files_buffer_get_total_size
FN:269,multiple_files_buffer_delete_oldest_file
FN:347,multiple_files_buffer_check_size
FN:378,multiple_files_buffer_open_file_for_append
FN:408,multiple_files_buffer_init
FN:440,multiple_files_buffer_rotate_file
FN:456,multiple_files_buffer_write_chunk
FN:474,multiple_files_buffer_write
FN:486,multiple_files_buffer_free
FNDA:53,multiple_files_buffer_get_idx_of_log_file
FNDA:21,multiple_files_buffer_get_total_size
FNDA:9,multiple_files_buffer_delete_oldest_file
FNDA:9,multiple_files_buffer_create_new_file
FNDA:9,multiple_files_buffer_file_name
FNDA:12,multiple_files_buffer_rotate_file
FNDA:3,multiple_files_buffer_open_file_for_append
FNDA:12,multiple_files_buffer_storage_dir_info
FNDA:12,multiple_files_buffer_check_size
FNDA:3,multiple_files_buffer_init
FNDA:12,multiple_files_buffer_write
FNDA:3,multiple_files_buffer_free
FNDA:12,multiple_files_buffer_write_chunk
FNF:13
FNH:13
DA:44,12
DA:49,12
DA:53,12
DA:54,0
DA:55,0
DA:58,12
DA:59,12
DA:61,434
DA:63,422
DA:65,422
DA:66,110
DA:67,48
DA:69,48
DA:70,48
DA:72,36
DA:75,20
DA:81,48
DA:82,32
DA:84,20
DA:87,20
DA:94,12
DA:95,12
DA:97,12
DA:98,0
DA:102,12
DA:104,12
DA:105,0
DA:111,434
DA:113,12
DA:115,12
DA:118,9
DA:124,9
DA:127,9
DA:128,9
DA:131,9
DA:132,9
DA:134,53
DA:136,53
DA:138,53
DA:141,53
DA:143,53
DA:145,53
DA:148,9
DA:150,9
DA:151,0
DA:152,0
DA:162,9
DA:165,0
DA:166,0
DA:167,0
DA:169,0
DA:171,0
DA:172,0
DA:174,0
DA:176,0
DA:177,0
DA:178,0
DA:182,0
DA:184,0
DA:185,0
DA:186,0
DA:190,9
DA:191,9
DA:193,9
DA:194,9
DA:200,9
DA:202,9
DA:204,9
DA:206,9
DA:207,0
DA:208,0
DA:213,9
DA:214,9
DA:217,9
DA:219,0
DA:220,0
DA:226,21
DA:228,21
DA:229,0
DA:230,0
DA:239,21
DA:240,21
DA:241,0
DA:242,0
DA:245,779
DA:247,758
DA:253,80
DA:254,80
DA:255,80
DA:256,80
DA:258,0
DA:263,21
DA:266,21
DA:269,9
DA:271,9
DA:272,0
DA:273,0
DA:284,9
DA:285,9
DA:288,9
DA:290,9
DA:293,345
DA:294,336
DA:300,44
DA:302,0
DA:305,44
DA:306,0
DA:307,0
DA:308,0
DA:309,0
DA:310,0
DA:312,0
DA:315,0
DA:319,44
DA:320,44
DA:324,21
DA:330,9
DA:333,9
DA:334,9
DA:335,0
DA:336,0
DA:339,0
DA:340,0
DA:344,9
DA:347,12
DA:349,12
DA:350,0
DA:351,0
DA:357,12
DA:358,12
DA:359,0
DA:360,0
DA:363,12
DA:364,0
DA:365,0
DA:370,21
DA:372,9
DA:375,12
DA:378,3
DA:379,3
DA:381,3
DA:382,3
DA:385,3
DA:386,3
DA:389,0
DA:396,3
DA:397,0
DA:398,0
DA:402,3
DA:403,3
DA:405,3
DA:408,3
DA:417,3
DA:418,0
DA:419,0
DA:423,3
DA:424,3
DA:425,3
DA:426,3
DA:427,3
DA:428,3
DA:429,3
DA:430,3
DA:431,3
DA:433,3
DA:435,3
DA:436,3
DA:437,3
DA:440,12
DA:443,12
DA:446,9
DA:447,9
DA:450,9
DA:453,9
DA:456,12
DA:460,12
DA:461,0
DA:462,0
DA:465,12
DA:466,12
DA:467,0
DA:468,0
DA:474,12
DA:478,12
DA:480,12
DA:483,12
DA:486,3
DA:488,3
DA:489,0
DA:490,0
DA:493,3
DA:496,3
DA:498,3
LF:193
LH:133
end_of_record
TN:
SF:/home/runner/work/dlt-daemon/dlt-daemon/src/shared/dlt_offline_trace.c
FN:69,dlt_offline_trace_write
FNDA:0,dlt_offline_trace_write
FNF:1
FNH:0
DA:69,0
DA:78,0
DA:80,0
DA:83,0
DA:84,0
DA:85,0
LF:6
LH:0
end_of_record
TN:
SF:/home/runner/work/dlt-daemon/dlt-daemon/src/shared/dlt_protocol.c
FN:71,dlt_get_service_name
FNDA:11,dlt_get_service_name
FNF:1
FNH:1
DA:71,11
DA:73,11
DA:75,11
DA:76,11
DA:78,11
DA:79,11
DA:81,0
LF:7
LH:6
end_of_record
TN:
SF:/home/runner/work/dlt-daemon/dlt-daemon/src/shared/dlt_user_shared.c
FN:79,dlt_user_set_userheader
FN:96,dlt_user_check_userheader
FN:107,dlt_user_log_out2
FN:129,dlt_user_log_out2_with_timeout
FN:151,dlt_user_log_out3
FN:203,dlt_user_log_out3_with_timeout
FNDA:51,dlt_user_log_out2_with_timeout
FNDA:6809,dlt_user_set_userheader
FNDA:0,dlt_user_log_out3_with_timeout
FNDA:11833,dlt_user_check_userheader
FNDA:432,dlt_user_log_out2
FNDA:6375,dlt_user_log_out3
FNF:6
FNH:5
DA:79,6809
DA:81,6809
DA:84,6809
DA:87,6809
DA:88,6809
DA:89,6809
DA:90,6809
DA:91,6809
DA:93,6809
DA:96,11833
DA:98,11833
DA:101,23666
DA:102,11833
DA:103,23666
DA:104,11833
DA:107,432
DA:112,432
DA:116,94
DA:117,94
DA:118,94
DA:119,94
DA:121,94
DA:123,94
DA:124,0
DA:129,51
DA:131,51
DA:136,867
DA:137,51
DA:139,51
DA:140,51
DA:144,51
DA:145,51
DA:151,6375
DA:156,6375
DA:160,5857
DA:161,5857
DA:162,5857
DA:163,5857
DA:164,5857
DA:165,5857
DA:167,5857
DA:169,5857
DA:170,2
DA:186,0
DA:188,0
DA:197,0
DA:203,0
DA:205,0
DA:210,0
DA:211,0
DA:213,0
DA:214,0
DA:218,0
DA:219,0
LF:54
LH:42
end_of_record
